\BOOKMARK [0][-]{chapter*.1}{前言}{}% 1
\BOOKMARK [1][-]{section.0.1}{0.1 为什么写这本书}{chapter*.1}% 2
\BOOKMARK [1][-]{section.0.2}{0.2 本书结构}{chapter*.1}% 3
\BOOKMARK [1][-]{section.0.3}{0.3 适合读者}{chapter*.1}% 4
\BOOKMARK [1][-]{section.0.4}{0.4 如何使用本书}{chapter*.1}% 5
\BOOKMARK [1][-]{section.0.5}{0.5 如何写作本书的}{chapter*.1}% 6
\BOOKMARK [2][-]{subsection.0.5.1}{0.5.1 封面}{section.0.5}% 7
\BOOKMARK [0][-]{chapter*.2}{版本变化}{}% 8
\BOOKMARK [1][-]{section.0.6}{0.6 2018年2月22日-2月25日}{chapter*.2}% 9
\BOOKMARK [0][-]{chapter*.3}{致谢}{}% 10
\BOOKMARK [0][-]{chapter*.4}{目录}{}% 11
\BOOKMARK [0][-]{chapter.1}{1 OMNeT++仿真平台}{}% 12
\BOOKMARK [1][-]{section.1.1}{1.1 OMNeT++简介}{chapter.1}% 13
\BOOKMARK [1][-]{section.1.2}{1.2 OMNeT++开源库}{chapter.1}% 14
\BOOKMARK [2][-]{subsection.1.2.1}{1.2.1\040INET}{section.1.2}% 15
\BOOKMARK [2][-]{subsection.1.2.2}{1.2.2\040INETMANET}{section.1.2}% 16
\BOOKMARK [2][-]{subsection.1.2.3}{1.2.3\040Mobility\040Framework}{section.1.2}% 17
\BOOKMARK [2][-]{subsection.1.2.4}{1.2.4\040SensorSimulator}{section.1.2}% 18
\BOOKMARK [2][-]{subsection.1.2.5}{1.2.5\040Castalia}{section.1.2}% 19
\BOOKMARK [2][-]{subsection.1.2.6}{1.2.6\040OverSim}{section.1.2}% 20
\BOOKMARK [2][-]{subsection.1.2.7}{1.2.7\040TTE4INET}{section.1.2}% 21
\BOOKMARK [0][-]{chapter.2}{2 初入OMNeT++}{}% 22
\BOOKMARK [1][-]{section.2.1}{2.1 OMNeT++下载}{chapter.2}% 23
\BOOKMARK [1][-]{section.2.2}{2.2 OMNeT++安装}{chapter.2}% 24
\BOOKMARK [2][-]{subsection.2.2.1}{2.2.1 安装准备}{section.2.2}% 25
\BOOKMARK [2][-]{subsection.2.2.2}{2.2.2 图文并茂}{section.2.2}% 26
\BOOKMARK [1][-]{section.2.3}{2.3 INET库}{chapter.2}% 27
\BOOKMARK [2][-]{subsection.2.3.1}{2.3.1 INET库的介绍}{section.2.3}% 28
\BOOKMARK [2][-]{subsection.2.3.2}{2.3.2 INET库的安装}{section.2.3}% 29
\BOOKMARK [1][-]{section.2.4}{2.4\040INETMANET}{chapter.2}% 30
\BOOKMARK [2][-]{subsection.2.4.1}{2.4.1 INETMANET简介}{section.2.4}% 31
\BOOKMARK [2][-]{subsection.2.4.2}{2.4.2 INETMANET安装}{section.2.4}% 32
\BOOKMARK [1][-]{section.2.5}{2.5\040TTE4INET}{chapter.2}% 33
\BOOKMARK [1][-]{section.2.6}{2.6 常规使用}{chapter.2}% 34
\BOOKMARK [2][-]{subsection.2.6.1}{2.6.1 导入工程}{section.2.6}% 35
\BOOKMARK [2][-]{subsection.2.6.2}{2.6.2 程序执行与调试}{section.2.6}% 36
\BOOKMARK [0][-]{chapter.3}{3 OMNeT++指南}{}% 37
\BOOKMARK [1][-]{section.3.1}{3.1 学习map}{chapter.3}% 38
\BOOKMARK [2][-]{subsection.3.1.1}{3.1.1 OMNeT++文档与指导书}{section.3.1}% 39
\BOOKMARK [2][-]{subsection.3.1.2}{3.1.2 tictoc指导手册}{section.3.1}% 40
\BOOKMARK [2][-]{subsection.3.1.3}{3.1.3 仿真手册}{section.3.1}% 41
\BOOKMARK [1][-]{section.3.2}{3.2 个性化IDE}{chapter.3}% 42
\BOOKMARK [2][-]{subsection.3.2.1}{3.2.1 CPP高亮设置}{section.3.2}% 43
\BOOKMARK [2][-]{subsection.3.2.2}{3.2.2 其他设置}{section.3.2}% 44
\BOOKMARK [3][-]{section*.12}{显示行号}{subsection.3.2.2}% 45
\BOOKMARK [1][-]{section.3.3}{3.3 本章小结}{chapter.3}% 46
\BOOKMARK [0][-]{chapter.4}{4 OMNeT++仿真类}{}% 47
\BOOKMARK [1][-]{section.4.1}{4.1 类说明}{chapter.4}% 48
\BOOKMARK [2][-]{subsection.4.1.1}{4.1.1\040cModule}{section.4.1}% 49
\BOOKMARK [2][-]{subsection.4.1.2}{4.1.2\040cPar}{section.4.1}% 50
\BOOKMARK [2][-]{subsection.4.1.3}{4.1.3\040cGate}{section.4.1}% 51
\BOOKMARK [2][-]{subsection.4.1.4}{4.1.4\040cTopology}{section.4.1}% 52
\BOOKMARK [2][-]{subsection.4.1.5}{4.1.5\040cExpression}{section.4.1}% 53
\BOOKMARK [2][-]{subsection.4.1.6}{4.1.6 EV类}{section.4.1}% 54
\BOOKMARK [1][-]{section.4.2}{4.2 虚函数}{chapter.4}% 55
\BOOKMARK [2][-]{subsection.4.2.1}{4.2.1 initialize函数}{section.4.2}% 56
\BOOKMARK [2][-]{subsection.4.2.2}{4.2.2 handleMessage函数}{section.4.2}% 57
\BOOKMARK [2][-]{subsection.4.2.3}{4.2.3 refreshDisplay函数}{section.4.2}% 58
\BOOKMARK [2][-]{subsection.4.2.4}{4.2.4 finish函数}{section.4.2}% 59
\BOOKMARK [1][-]{section.4.3}{4.3 本章小结}{chapter.4}% 60
\BOOKMARK [0][-]{chapter.5}{5 OMNeT++仿真技巧}{}% 61
\BOOKMARK [1][-]{section.5.1}{5.1 设计技巧}{chapter.5}% 62
\BOOKMARK [2][-]{subsection.5.1.1}{5.1.1 技巧一：信道模型很重要}{section.5.1}% 63
\BOOKMARK [2][-]{subsection.5.1.2}{5.1.2 技巧二：send函数有套路}{section.5.1}% 64
\BOOKMARK [2][-]{subsection.5.1.3}{5.1.3 技巧三：如何访问同一级的其他模块}{section.5.1}% 65
\BOOKMARK [2][-]{subsection.5.1.4}{5.1.4 技巧四：遍历所有模块}{section.5.1}% 66
\BOOKMARK [2][-]{subsection.5.1.5}{5.1.5 技巧五：如何得到某一个模块引用的ned路径}{section.5.1}% 67
\BOOKMARK [2][-]{subsection.5.1.6}{5.1.6 技巧六：使用cTopology类遍历拓扑初始化路由表}{section.5.1}% 68
\BOOKMARK [2][-]{subsection.5.1.7}{5.1.7 技巧七：如何使用OpenSceneGraph}{section.5.1}% 69
\BOOKMARK [2][-]{subsection.5.1.8}{5.1.8 技巧八：如何多次利用同一个msg}{section.5.1}% 70
\BOOKMARK [2][-]{subsection.5.1.9}{5.1.9 技巧九：initialize函数的不同}{section.5.1}% 71
\BOOKMARK [2][-]{subsection.5.1.10}{5.1.10 技巧十：如何从仿真场景读取节点坐标}{section.5.1}% 72
\BOOKMARK [2][-]{subsection.5.1.11}{5.1.11 技巧十一：如何调用INET中的类}{section.5.1}% 73
\BOOKMARK [1][-]{section.5.2}{5.2 可视化接口}{chapter.5}% 74
\BOOKMARK [2][-]{subsection.5.2.1}{5.2.1 设置消息传输颜色}{section.5.2}% 75
\BOOKMARK [2][-]{subsection.5.2.2}{5.2.2 设置节点}{section.5.2}% 76
\BOOKMARK [1][-]{section.5.3}{5.3 调试技巧}{chapter.5}% 77
\BOOKMARK [2][-]{subsection.5.3.1}{5.3.1 gdb调试}{section.5.3}% 78
\BOOKMARK [2][-]{subsection.5.3.2}{5.3.2 log日志类}{section.5.3}% 79
\BOOKMARK [2][-]{subsection.5.3.3}{5.3.3 技巧十二：如何实现跨模块进行调用函数或参数}{section.5.3}% 80
\BOOKMARK [2][-]{subsection.5.3.4}{5.3.4 技巧十三：如何实现节点消息的同时显示}{section.5.3}% 81
\BOOKMARK [1][-]{section.5.4}{5.4 本章小结}{chapter.5}% 82
\BOOKMARK [0][-]{chapter.6}{6 数据统计与仿真分析}{}% 83
\BOOKMARK [1][-]{section.6.1}{6.1 仿真结果有哪些}{chapter.6}% 84
\BOOKMARK [1][-]{section.6.2}{6.2 仿真结果的获取}{chapter.6}% 85
\BOOKMARK [1][-]{section.6.3}{6.3 仿真结果分析}{chapter.6}% 86
\BOOKMARK [1][-]{section.6.4}{6.4 事件日志文件的使用}{chapter.6}% 87
\BOOKMARK [2][-]{subsection.6.4.1}{6.4.1 序列图}{section.6.4}% 88
\BOOKMARK [2][-]{subsection.6.4.2}{6.4.2 事件日志表}{section.6.4}% 89
\BOOKMARK [2][-]{subsection.6.4.3}{6.4.3 个人体会}{section.6.4}% 90
\BOOKMARK [0][-]{chapter.7}{7 错误记录}{}% 91
\BOOKMARK [1][-]{section.7.1}{7.1 在模块加入移动模块之后，仿真出现nan错误}{chapter.7}% 92
\BOOKMARK [2][-]{subsection.7.1.1}{7.1.1 问题描述：}{section.7.1}% 93
\BOOKMARK [1][-]{section.7.2}{7.2 工程的例如cModule之类的类不能高亮显示？}{chapter.7}% 94
\BOOKMARK [2][-]{subsection.7.2.1}{7.2.1 问题描述}{section.7.2}% 95
\BOOKMARK [2][-]{subsection.7.2.2}{7.2.2 解决办法}{section.7.2}% 96
\BOOKMARK [1][-]{section.7.3}{7.3 在建立工程时，需要实时显示节点的移动坐标时，编译出错}{chapter.7}% 97
\BOOKMARK [2][-]{subsection.7.3.1}{7.3.1 问题描述}{section.7.3}% 98
\BOOKMARK [2][-]{subsection.7.3.2}{7.3.2 解决办法：}{section.7.3}% 99
\BOOKMARK [1][-]{section.7.4}{7.4 在进行移动模型的构建时，如何可以看到移动轨迹}{chapter.7}% 100
\BOOKMARK [2][-]{subsection.7.4.1}{7.4.1 问题描述}{section.7.4}% 101
\BOOKMARK [2][-]{subsection.7.4.2}{7.4.2 解决办法：}{section.7.4}% 102
\BOOKMARK [0][-]{chapter.8}{8 TODO 待完善}{}% 103
\BOOKMARK [0][-]{附录 .1.A}{附录  A 网络性能指标}{}% 104
\BOOKMARK [1][-]{section.1.A.1}{A.1 速率}{附录 .1.A}% 105
\BOOKMARK [1][-]{section.1.A.2}{A.2 吞吐率}{附录 .1.A}% 106
\BOOKMARK [1][-]{section.1.A.3}{A.3 延迟}{附录 .1.A}% 107
\BOOKMARK [1][-]{section.1.A.4}{A.4 丢包率}{附录 .1.A}% 108
\BOOKMARK [1][-]{section.1.A.5}{A.5 带宽}{附录 .1.A}% 109
\BOOKMARK [1][-]{section.1.A.6}{A.6 时延带宽积}{附录 .1.A}% 110
\BOOKMARK [1][-]{section.1.A.7}{A.7 信道利用率}{附录 .1.A}% 111
\BOOKMARK [1][-]{section.1.A.8}{A.8 网络利用率}{附录 .1.A}% 112
\BOOKMARK [1][-]{section.1.A.9}{A.9 往返时间RTT}{附录 .1.A}% 113
