\BOOKMARK [0][-]{chapter*.1}{目录}{}% 1
\BOOKMARK [0][-]{chapter.1}{1 OMNeT++仿真平台}{}% 2
\BOOKMARK [1][-]{section.1.1}{1.1 OMNeT++简介}{chapter.1}% 3
\BOOKMARK [1][-]{section.1.2}{1.2 OMNeT++开源库}{chapter.1}% 4
\BOOKMARK [2][-]{subsection.1.2.1}{1.2.1\040INET}{section.1.2}% 5
\BOOKMARK [2][-]{subsection.1.2.2}{1.2.2\040INETMANET}{section.1.2}% 6
\BOOKMARK [2][-]{subsection.1.2.3}{1.2.3\040Mobility\040Framework}{section.1.2}% 7
\BOOKMARK [2][-]{subsection.1.2.4}{1.2.4\040SensorSimulator}{section.1.2}% 8
\BOOKMARK [2][-]{subsection.1.2.5}{1.2.5\040Castalia}{section.1.2}% 9
\BOOKMARK [2][-]{subsection.1.2.6}{1.2.6\040OverSim}{section.1.2}% 10
\BOOKMARK [2][-]{subsection.1.2.7}{1.2.7\040TTE4INET}{section.1.2}% 11
\BOOKMARK [0][-]{chapter.2}{2 初入OMNeT++}{}% 12
\BOOKMARK [1][-]{section.2.1}{2.1 OMNeT++下载}{chapter.2}% 13
\BOOKMARK [1][-]{section.2.2}{2.2 OMNeT++安装}{chapter.2}% 14
\BOOKMARK [2][-]{subsection.2.2.1}{2.2.1 安装准备}{section.2.2}% 15
\BOOKMARK [2][-]{subsection.2.2.2}{2.2.2 图文并茂}{section.2.2}% 16
\BOOKMARK [1][-]{section.2.3}{2.3 INET库}{chapter.2}% 17
\BOOKMARK [2][-]{subsection.2.3.1}{2.3.1 INET库的介绍}{section.2.3}% 18
\BOOKMARK [2][-]{subsection.2.3.2}{2.3.2 INET库的安装}{section.2.3}% 19
\BOOKMARK [1][-]{section.2.4}{2.4\040TTE4INET}{chapter.2}% 20
\BOOKMARK [1][-]{section.2.5}{2.5 常规使用}{chapter.2}% 21
\BOOKMARK [2][-]{subsection.2.5.1}{2.5.1 导入工程}{section.2.5}% 22
\BOOKMARK [2][-]{subsection.2.5.2}{2.5.2 程序执行与调试}{section.2.5}% 23
\BOOKMARK [0][-]{chapter.3}{3 初入OMNeT++}{}% 24
\BOOKMARK [1][-]{section.3.1}{3.1 学习map}{chapter.3}% 25
\BOOKMARK [2][-]{subsection.3.1.1}{3.1.1 OMNeT++文档与指导书}{section.3.1}% 26
\BOOKMARK [2][-]{subsection.3.1.2}{3.1.2 tictoc指导手册}{section.3.1}% 27
\BOOKMARK [2][-]{subsection.3.1.3}{3.1.3 仿真手册}{section.3.1}% 28
\BOOKMARK [1][-]{section.3.2}{3.2 个性化IDE}{chapter.3}% 29
\BOOKMARK [2][-]{subsection.3.2.1}{3.2.1 CPP高亮设置}{section.3.2}% 30
\BOOKMARK [2][-]{subsection.3.2.2}{3.2.2 其他设置}{section.3.2}% 31
\BOOKMARK [3][-]{section*.2}{显示行号}{subsection.3.2.2}% 32
\BOOKMARK [1][-]{section.3.3}{3.3 本章小结}{chapter.3}% 33
\BOOKMARK [0][-]{chapter.4}{4 OMNeT++仿真类}{}% 34
\BOOKMARK [1][-]{section.4.1}{4.1 类说明}{chapter.4}% 35
\BOOKMARK [2][-]{subsection.4.1.1}{4.1.1 cModule　}{section.4.1}% 36
\BOOKMARK [2][-]{subsection.4.1.2}{4.1.2\040cPar}{section.4.1}% 37
\BOOKMARK [2][-]{subsection.4.1.3}{4.1.3\040cGate}{section.4.1}% 38
\BOOKMARK [2][-]{subsection.4.1.4}{4.1.4\040cTopology}{section.4.1}% 39
\BOOKMARK [2][-]{subsection.4.1.5}{4.1.5\040cExpression}{section.4.1}% 40
\BOOKMARK [2][-]{subsection.4.1.6}{4.1.6 EV类}{section.4.1}% 41
\BOOKMARK [1][-]{section.4.2}{4.2 虚函数}{chapter.4}% 42
\BOOKMARK [2][-]{subsection.4.2.1}{4.2.1 initialize函数}{section.4.2}% 43
\BOOKMARK [2][-]{subsection.4.2.2}{4.2.2 handleMessage函数}{section.4.2}% 44
\BOOKMARK [2][-]{subsection.4.2.3}{4.2.3 refreshDisplay函数}{section.4.2}% 45
\BOOKMARK [2][-]{subsection.4.2.4}{4.2.4 finish函数}{section.4.2}% 46
\BOOKMARK [1][-]{section.4.3}{4.3 本章小结}{chapter.4}% 47
\BOOKMARK [0][-]{chapter.5}{5 OMNeT++仿真技巧}{}% 48
\BOOKMARK [1][-]{section.5.1}{5.1 设计技巧}{chapter.5}% 49
\BOOKMARK [2][-]{subsection.5.1.1}{5.1.1 技巧一：信道模型很重要}{section.5.1}% 50
\BOOKMARK [2][-]{subsection.5.1.2}{5.1.2 技巧二：send函数有套路}{section.5.1}% 51
\BOOKMARK [2][-]{subsection.5.1.3}{5.1.3 技巧三：如何访问同一级的其他模块}{section.5.1}% 52
\BOOKMARK [2][-]{subsection.5.1.4}{5.1.4 技巧四：遍历所有模块}{section.5.1}% 53
\BOOKMARK [2][-]{subsection.5.1.5}{5.1.5 技巧五：如何得到某一个模块引用的ned路径}{section.5.1}% 54
\BOOKMARK [2][-]{subsection.5.1.6}{5.1.6 技巧六：使用cTopology类遍历拓扑初始化路由表}{section.5.1}% 55
\BOOKMARK [2][-]{subsection.5.1.7}{5.1.7 技巧七：如何使用OpenSceneGraph}{section.5.1}% 56
\BOOKMARK [2][-]{subsection.5.1.8}{5.1.8 技巧八：如何多次利用同一个msg}{section.5.1}% 57
\BOOKMARK [2][-]{subsection.5.1.9}{5.1.9 技巧九：initialize函数的不同}{section.5.1}% 58
\BOOKMARK [2][-]{subsection.5.1.10}{5.1.10 技巧十：如何从仿真场景读取节点坐标}{section.5.1}% 59
\BOOKMARK [2][-]{subsection.5.1.11}{5.1.11 技巧十一：如何调用INET中的类}{section.5.1}% 60
\BOOKMARK [1][-]{section.5.2}{5.2 本章小结}{chapter.5}% 61
\BOOKMARK [0][-]{附录 .1.A}{附录  A 网络性能指标}{}% 62
\BOOKMARK [1][-]{section.1.A.1}{A.1 1 速率}{附录 .1.A}% 63
\BOOKMARK [1][-]{section.1.A.2}{A.2 2 吞吐率}{附录 .1.A}% 64
\BOOKMARK [1][-]{section.1.A.3}{A.3 3 延迟}{附录 .1.A}% 65
\BOOKMARK [1][-]{section.1.A.4}{A.4 4 丢包率}{附录 .1.A}% 66
\BOOKMARK [1][-]{section.1.A.5}{A.5 5 带宽}{附录 .1.A}% 67
\BOOKMARK [1][-]{section.1.A.6}{A.6 6 时延带宽积}{附录 .1.A}% 68
\BOOKMARK [1][-]{section.1.A.7}{A.7 7 信道利用率}{附录 .1.A}% 69
\BOOKMARK [1][-]{section.1.A.8}{A.8 9 网络利用率}{附录 .1.A}% 70
\BOOKMARK [1][-]{section.1.A.9}{A.9 10 往返时间RTT}{附录 .1.A}% 71
