This is XeTeX, Version 3.14159265-2.6-0.99998 (TeX Live 2017/Debian) (preloaded format=xelatex 2018.11.26)  22 FEB 2019 10:47
entering extended mode
 restricted \write18 enabled.
 %&-line parsing enabled.
**sdcamp.tex
(./sdcamp.tex
LaTeX2e <2017-04-15>
Babel <3.18> and hyphenation patterns for 28 language(s) loaded.
(/usr/share/texlive/texmf-dist/tex/latex/base/book.cls
Document Class: book 2014/09/29 v1.4h Standard LaTeX document class
(/usr/share/texlive/texmf-dist/tex/latex/base/bk10.clo
File: bk10.clo 2014/09/29 v1.4h Standard LaTeX file (size option)
)
\c@part=\count79
\c@chapter=\count80
\c@section=\count81
\c@subsection=\count82
\c@subsubsection=\count83
\c@paragraph=\count84
\c@subparagraph=\count85
\c@figure=\count86
\c@table=\count87
\abovecaptionskip=\skip41
\belowcaptionskip=\skip42
\bibindent=\dimen102
)
(/usr/share/texlive/texmf-dist/tex/latex/tocbibind/tocbibind.sty
Package: tocbibind 2010/10/13 v1.5k extra ToC listings
Package tocbibind Info: The document has chapter divisions on input line 50.


Package tocbibind Note: Using chapter style headings, unless overridden.

) (/usr/share/texlive/texmf-dist/tex/latex/hyperref/hyperref.sty
Package: hyperref 2018/02/06 v6.86b Hypertext links for LaTeX

(/usr/share/texlive/texmf-dist/tex/generic/oberdiek/hobsub-hyperref.sty
Package: hobsub-hyperref 2016/05/16 v1.14 Bundle oberdiek, subset hyperref (HO)


(/usr/share/texlive/texmf-dist/tex/generic/oberdiek/hobsub-generic.sty
Package: hobsub-generic 2016/05/16 v1.14 Bundle oberdiek, subset generic (HO)
Package: hobsub 2016/05/16 v1.14 Construct package bundles (HO)
Package: infwarerr 2016/05/16 v1.4 Providing info/warning/error messages (HO)
Package: ltxcmds 2016/05/16 v1.23 LaTeX kernel commands for general use (HO)
Package: ifluatex 2016/05/16 v1.4 Provides the ifluatex switch (HO)
Package ifluatex Info: LuaTeX not detected.
Package: ifvtex 2016/05/16 v1.6 Detect VTeX and its facilities (HO)
Package ifvtex Info: VTeX not detected.
Package: intcalc 2016/05/16 v1.2 Expandable calculations with integers (HO)
Package: ifpdf 2017/03/15 v3.2 Provides the ifpdf switch
Package: etexcmds 2016/05/16 v1.6 Avoid name clashes with e-TeX commands (HO)
Package etexcmds Info: Could not find \expanded.
(etexcmds)             That can mean that you are not using pdfTeX 1.50 or
(etexcmds)             that some package has redefined \expanded.
(etexcmds)             In the latter case, load this package earlier.
Package: kvsetkeys 2016/05/16 v1.17 Key value parser (HO)
Package: kvdefinekeys 2016/05/16 v1.4 Define keys (HO)
Package: pdftexcmds 2018/01/21 v0.26 Utility functions of pdfTeX for LuaTeX (HO
)
Package pdftexcmds Info: LuaTeX not detected.
Package pdftexcmds Info: pdfTeX >= 1.30 not detected.
Package pdftexcmds Info: \pdf@primitive is available.
Package pdftexcmds Info: \pdf@ifprimitive is available.
Package pdftexcmds Info: \pdfdraftmode not found.
Package: pdfescape 2016/05/16 v1.14 Implements pdfTeX's escape features (HO)
Package: bigintcalc 2016/05/16 v1.4 Expandable calculations on big integers (HO
)
Package: bitset 2016/05/16 v1.2 Handle bit-vector datatype (HO)
Package: uniquecounter 2016/05/16 v1.3 Provide unlimited unique counter (HO)
)
Package hobsub Info: Skipping package `hobsub' (already loaded).
Package: letltxmacro 2016/05/16 v1.5 Let assignment for LaTeX macros (HO)
Package: hopatch 2016/05/16 v1.3 Wrapper for package hooks (HO)
Package: xcolor-patch 2016/05/16 xcolor patch
Package: atveryend 2016/05/16 v1.9 Hooks at the very end of document (HO)
Package atveryend Info: \enddocument detected (standard20110627).
Package: atbegshi 2016/06/09 v1.18 At begin shipout hook (HO)
Package: refcount 2016/05/16 v3.5 Data extraction from label references (HO)
Package: hycolor 2016/05/16 v1.8 Color options for hyperref/bookmark (HO)
)
(/usr/share/texlive/texmf-dist/tex/latex/graphics/keyval.sty
Package: keyval 2014/10/28 v1.15 key=value parser (DPC)
\KV@toks@=\toks14
)
(/usr/share/texlive/texmf-dist/tex/generic/ifxetex/ifxetex.sty
Package: ifxetex 2010/09/12 v0.6 Provides ifxetex conditional
)
(/usr/share/texlive/texmf-dist/tex/latex/oberdiek/auxhook.sty
Package: auxhook 2016/05/16 v1.4 Hooks for auxiliary files (HO)
)
(/usr/share/texlive/texmf-dist/tex/latex/oberdiek/kvoptions.sty
Package: kvoptions 2016/05/16 v3.12 Key value format for package options (HO)
)
\@linkdim=\dimen103
\Hy@linkcounter=\count88
\Hy@pagecounter=\count89

(/usr/share/texlive/texmf-dist/tex/latex/hyperref/pd1enc.def
File: pd1enc.def 2018/02/06 v6.86b Hyperref: PDFDocEncoding definition (HO)
)
\Hy@SavedSpaceFactor=\count90

(/usr/share/texlive/texmf-dist/tex/latex/latexconfig/hyperref.cfg
File: hyperref.cfg 2002/06/06 v1.2 hyperref configuration of TeXLive
)
Package hyperref Info: Option `bookmarksnumbered' set `true' on input line 4383
.
Package hyperref Info: Option `colorlinks' set `true' on input line 4383.
Package hyperref Info: Hyper figures OFF on input line 4509.
Package hyperref Info: Link nesting OFF on input line 4514.
Package hyperref Info: Hyper index ON on input line 4517.
Package hyperref Info: Plain pages OFF on input line 4524.
Package hyperref Info: Backreferencing OFF on input line 4529.
Package hyperref Info: Implicit mode ON; LaTeX internals redefined.
Package hyperref Info: Bookmarks ON on input line 4762.
\c@Hy@tempcnt=\count91

(/usr/share/texlive/texmf-dist/tex/latex/url/url.sty
\Urlmuskip=\muskip10
Package: url 2013/09/16  ver 3.4  Verb mode for urls, etc.
)
LaTeX Info: Redefining \url on input line 5115.
\XeTeXLinkMargin=\dimen104
\Fld@menulength=\count92
\Field@Width=\dimen105
\Fld@charsize=\dimen106
Package hyperref Info: Hyper figures OFF on input line 6369.
Package hyperref Info: Link nesting OFF on input line 6374.
Package hyperref Info: Hyper index ON on input line 6377.
Package hyperref Info: backreferencing OFF on input line 6384.
Package hyperref Info: Link coloring ON on input line 6387.
Package hyperref Info: Link coloring with OCG OFF on input line 6394.
Package hyperref Info: PDF/A mode OFF on input line 6399.
LaTeX Info: Redefining \ref on input line 6439.
LaTeX Info: Redefining \pageref on input line 6443.
\Hy@abspage=\count93
\c@Item=\count94
\c@Hfootnote=\count95
)
Package hyperref Info: Driver (autodetected): hxetex.

(/usr/share/texlive/texmf-dist/tex/latex/hyperref/hxetex.def
File: hxetex.def 2018/02/06 v6.86b Hyperref driver for XeTeX

(/usr/share/texlive/texmf-dist/tex/latex/hyperref/puenc.def
File: puenc.def 2018/02/06 v6.86b Hyperref: PDF Unicode definition (HO)
)
(/usr/share/texlive/texmf-dist/tex/generic/oberdiek/stringenc.sty
Package: stringenc 2016/05/16 v1.11 Convert strings between diff. encodings (HO
)
)
\pdfm@box=\box26
\c@Hy@AnnotLevel=\count96
\HyField@AnnotCount=\count97
\Fld@listcount=\count98
\c@bookmark@seq@number=\count99

(/usr/share/texlive/texmf-dist/tex/latex/oberdiek/rerunfilecheck.sty
Package: rerunfilecheck 2016/05/16 v1.8 Rerun checks for auxiliary files (HO)
Package rerunfilecheck Info: Feature \pdfmdfivesum is not available
(rerunfilecheck)             (e.g. pdfTeX or LuaTeX with package `pdftexcmds').

(rerunfilecheck)             Therefore file contents cannot be checked efficien
tly
(rerunfilecheck)             and the loading of the package is aborted.
)
\Hy@SectionHShift=\skip43
)
(/usr/share/texlive/texmf-dist/tex/latex/graphics/graphicx.sty
Package: graphicx 2017/06/01 v1.1a Enhanced LaTeX Graphics (DPC,SPQR)

(/usr/share/texlive/texmf-dist/tex/latex/graphics/graphics.sty
Package: graphics 2017/06/25 v1.2c Standard LaTeX Graphics (DPC,SPQR)

(/usr/share/texlive/texmf-dist/tex/latex/graphics/trig.sty
Package: trig 2016/01/03 v1.10 sin cos tan (DPC)
)
(/usr/share/texlive/texmf-dist/tex/latex/graphics-cfg/graphics.cfg
File: graphics.cfg 2016/06/04 v1.11 sample graphics configuration
)
Package graphics Info: Driver file: xetex.def on input line 99.

(/usr/share/texlive/texmf-dist/tex/latex/graphics-def/xetex.def
File: xetex.def 2017/06/24 v5.0h Graphics/color driver for xetex
))
\Gin@req@height=\dimen107
\Gin@req@width=\dimen108
)
(/usr/share/texlive/texmf-dist/tex/latex/xltxtra/xltxtra.sty
Package: xltxtra 2016/01/21 v0.6 Improvements for the "XeLaTeX" format

(/usr/share/texlive/texmf-dist/tex/latex/fontspec/fontspec.sty
(/usr/share/texlive/texmf-dist/tex/latex/l3packages/xparse/xparse.sty
(/usr/share/texlive/texmf-dist/tex/latex/l3kernel/expl3.sty
Package: expl3 2018/02/21 L3 programming layer (loader) 

(/usr/share/texlive/texmf-dist/tex/latex/l3kernel/expl3-code.tex
Package: expl3 2018/02/21 L3 programming layer (code)
\c_max_int=\count100
\l_tmpa_int=\count101
\l_tmpb_int=\count102
\g_tmpa_int=\count103
\g_tmpb_int=\count104
\g__intarray_font_int=\count105
\g__prg_map_int=\count106
\c_log_iow=\count107
\l_iow_line_count_int=\count108
\l__iow_line_target_int=\count109
\l__iow_one_indent_int=\count110
\l__iow_indent_int=\count111
\c_zero_dim=\dimen109
\c_max_dim=\dimen110
\l_tmpa_dim=\dimen111
\l_tmpb_dim=\dimen112
\g_tmpa_dim=\dimen113
\g_tmpb_dim=\dimen114
\c_zero_skip=\skip44
\c_max_skip=\skip45
\l_tmpa_skip=\skip46
\l_tmpb_skip=\skip47
\g_tmpa_skip=\skip48
\g_tmpb_skip=\skip49
\c_zero_muskip=\muskip11
\c_max_muskip=\muskip12
\l_tmpa_muskip=\muskip13
\l_tmpb_muskip=\muskip14
\g_tmpa_muskip=\muskip15
\g_tmpb_muskip=\muskip16
\l_keys_choice_int=\count112
\c__fp_leading_shift_int=\count113
\c__fp_middle_shift_int=\count114
\c__fp_trailing_shift_int=\count115
\c__fp_big_leading_shift_int=\count116
\c__fp_big_middle_shift_int=\count117
\c__fp_big_trailing_shift_int=\count118
\c__fp_Bigg_leading_shift_int=\count119
\c__fp_Bigg_middle_shift_int=\count120
\c__fp_Bigg_trailing_shift_int=\count121
\l__sort_length_int=\count122
\l__sort_min_int=\count123
\l__sort_top_int=\count124
\l__sort_max_int=\count125
\l__sort_true_max_int=\count126
\l__sort_block_int=\count127
\l__sort_begin_int=\count128
\l__sort_end_int=\count129
\l__sort_A_int=\count130
\l__sort_B_int=\count131
\l__sort_C_int=\count132
\l__tl_build_start_index_int=\count133
\l__tl_build_index_int=\count134
\l__tl_analysis_normal_int=\count135
\l__tl_analysis_index_int=\count136
\l__tl_analysis_nesting_int=\count137
\l__tl_analysis_type_int=\count138
\l__regex_internal_a_int=\count139
\l__regex_internal_b_int=\count140
\l__regex_internal_c_int=\count141
\l__regex_balance_int=\count142
\l__regex_group_level_int=\count143
\l__regex_mode_int=\count144
\c__regex_cs_in_class_mode_int=\count145
\c__regex_cs_mode_int=\count146
\l__regex_catcodes_int=\count147
\l__regex_default_catcodes_int=\count148
\c__regex_catcode_L_int=\count149
\c__regex_catcode_O_int=\count150
\c__regex_catcode_A_int=\count151
\c__regex_all_catcodes_int=\count152
\l__regex_show_lines_int=\count153
\l__regex_min_state_int=\count154
\l__regex_max_state_int=\count155
\l__regex_left_state_int=\count156
\l__regex_right_state_int=\count157
\l__regex_capturing_group_int=\count158
\l__regex_min_pos_int=\count159
\l__regex_max_pos_int=\count160
\l__regex_curr_pos_int=\count161
\l__regex_start_pos_int=\count162
\l__regex_success_pos_int=\count163
\l__regex_curr_char_int=\count164
\l__regex_curr_catcode_int=\count165
\l__regex_last_char_int=\count166
\l__regex_case_changed_char_int=\count167
\l__regex_curr_state_int=\count168
\l__regex_step_int=\count169
\l__regex_min_active_int=\count170
\l__regex_max_active_int=\count171
\l__regex_replacement_csnames_int=\count172
\l__regex_match_count_int=\count173
\l__regex_min_submatch_int=\count174
\l__regex_submatch_int=\count175
\l__regex_zeroth_submatch_int=\count176
\g__regex_trace_regex_int=\count177
\c_empty_box=\box27
\l_tmpa_box=\box28
\l_tmpb_box=\box29
\g_tmpa_box=\box30
\g_tmpb_box=\box31
\l__box_top_dim=\dimen115
\l__box_bottom_dim=\dimen116
\l__box_left_dim=\dimen117
\l__box_right_dim=\dimen118
\l__box_top_new_dim=\dimen119
\l__box_bottom_new_dim=\dimen120
\l__box_left_new_dim=\dimen121
\l__box_right_new_dim=\dimen122
\l__box_internal_box=\box32
\l__coffin_internal_box=\box33
\l__coffin_internal_dim=\dimen123
\l__coffin_offset_x_dim=\dimen124
\l__coffin_offset_y_dim=\dimen125
\l__coffin_x_dim=\dimen126
\l__coffin_y_dim=\dimen127
\l__coffin_x_prime_dim=\dimen128
\l__coffin_y_prime_dim=\dimen129
\c_empty_coffin=\box34
\l__coffin_aligned_coffin=\box35
\l__coffin_aligned_internal_coffin=\box36
\l_tmpa_coffin=\box37
\l_tmpb_coffin=\box38
\l__coffin_display_coffin=\box39
\l__coffin_display_coord_coffin=\box40
\l__coffin_display_pole_coffin=\box41
\l__coffin_display_offset_dim=\dimen130
\l__coffin_display_x_dim=\dimen131
\l__coffin_display_y_dim=\dimen132
\l__coffin_bounding_shift_dim=\dimen133
\l__coffin_left_corner_dim=\dimen134
\l__coffin_right_corner_dim=\dimen135
\l__coffin_bottom_corner_dim=\dimen136
\l__coffin_top_corner_dim=\dimen137
\l__coffin_scaled_total_height_dim=\dimen138
\l__coffin_scaled_width_dim=\dimen139
)
(/usr/share/texlive/texmf-dist/tex/latex/l3kernel/l3xdvipdfmx.def
File: l3xdvidpfmx.def 2017/03/18 v L3 Experimental driver: xdvipdfmx
\g__driver_image_int=\count178
\l__driver_tmp_box=\box42
))
Package: xparse 2018/02/21 L3 Experimental document command parser
\l__xparse_current_arg_int=\count179
\g__xparse_grabber_int=\count180
\l__xparse_m_args_int=\count181
\l__xparse_mandatory_args_int=\count182
\l__xparse_v_nesting_int=\count183
)
Package: fontspec 2017/11/09 v2.6g Font selection for XeLaTeX and LuaLaTeX

(/usr/share/texlive/texmf-dist/tex/latex/fontspec/fontspec-xetex.sty
Package: fontspec-xetex 2017/11/09 v2.6g Font selection for XeLaTeX and LuaLaTe
X
\l__fontspec_script_int=\count184
\l__fontspec_language_int=\count185
\l__fontspec_strnum_int=\count186
\l__fontspec_tmp_int=\count187
\l__fontspec_em_int=\count188
\l__fontspec_emdef_int=\count189
\l__fontspec_strong_int=\count190
\l__fontspec_strongdef_int=\count191
\l__fontspec_tmpa_dim=\dimen140
\l__fontspec_tmpb_dim=\dimen141
\l__fontspec_tmpc_dim=\dimen142
\g__file_internal_ior=\read1

(/usr/share/texlive/texmf-dist/tex/latex/base/fontenc.sty
Package: fontenc 2017/04/05 v2.0i Standard LaTeX package

(/usr/share/texlive/texmf-dist/tex/latex/base/tuenc.def
File: tuenc.def 2017/04/05 v2.0i Standard LaTeX file
LaTeX Font Info:    Redeclaring font encoding TU on input line 82.
))
.................................................
. LaTeX info: "xparse/define-command"
. 
. Defining command \fontspec with sig. 'O{}mO{}' on line 542.
.................................................
.................................................
. LaTeX info: "xparse/define-command"
. 
. Defining command \setmainfont with sig. 'O{}mO{}' on line 546.
.................................................
.................................................
. LaTeX info: "xparse/define-command"
. 
. Defining command \setsansfont with sig. 'O{}mO{}' on line 550.
.................................................
.................................................
. LaTeX info: "xparse/define-command"
. 
. Defining command \setmonofont with sig. 'O{}mO{}' on line 554.
.................................................
.................................................
. LaTeX info: "xparse/define-command"
. 
. Defining command \setmathrm with sig. 'O{}mO{}' on line 558.
.................................................
.................................................
. LaTeX info: "xparse/define-command"
. 
. Defining command \setboldmathrm with sig. 'O{}mO{}' on line 562.
.................................................
.................................................
. LaTeX info: "xparse/define-command"
. 
. Defining command \setmathsf with sig. 'O{}mO{}' on line 566.
.................................................
.................................................
. LaTeX info: "xparse/define-command"
. 
. Defining command \setmathtt with sig. 'O{}mO{}' on line 570.
.................................................
.................................................
. LaTeX info: "xparse/define-command"
. 
. Defining command \setromanfont with sig. 'O{}mO{}' on line 574.
.................................................
.................................................
. LaTeX info: "xparse/define-command"
. 
. Defining command \newfontfamily with sig. 'mO{}mO{}' on line 578.
.................................................
.................................................
. LaTeX info: "xparse/define-command"
. 
. Defining command \newfontface with sig. 'mO{}mO{}' on line 582.
.................................................
.................................................
. LaTeX info: "xparse/define-command"
. 
. Defining command \defaultfontfeatures with sig. 't+om' on line 586.
.................................................
.................................................
. LaTeX info: "xparse/define-command"
. 
. Defining command \addfontfeatures with sig. 'm' on line 590.
.................................................
.................................................
. LaTeX info: "xparse/define-command"
. 
. Defining command \addfontfeature with sig. 'm' on line 594.
.................................................
.................................................
. LaTeX info: "xparse/define-command"
. 
. Defining command \newfontfeature with sig. 'mm' on line 598.
.................................................
.................................................
. LaTeX info: "xparse/define-command"
. 
. Defining command \newAATfeature with sig. 'mmmm' on line 602.
.................................................
.................................................
. LaTeX info: "xparse/define-command"
. 
. Defining command \newopentypefeature with sig. 'mmm' on line 606.
.................................................
.................................................
. LaTeX info: "xparse/define-command"
. 
. Defining command \newICUfeature with sig. 'mmm' on line 610.
.................................................
.................................................
. LaTeX info: "xparse/define-command"
. 
. Defining command \aliasfontfeature with sig. 'mm' on line 614.
.................................................
.................................................
. LaTeX info: "xparse/define-command"
. 
. Defining command \aliasfontfeatureoption with sig. 'mmm' on line 618.
.................................................
.................................................
. LaTeX info: "xparse/define-command"
. 
. Defining command \newfontscript with sig. 'mm' on line 622.
.................................................
.................................................
. LaTeX info: "xparse/define-command"
. 
. Defining command \newfontlanguage with sig. 'mm' on line 626.
.................................................
.................................................
. LaTeX info: "xparse/define-command"
. 
. Defining command \DeclareFontsExtensions with sig. 'm' on line 630.
.................................................
.................................................
. LaTeX info: "xparse/define-command"
. 
. Defining command \IfFontFeatureActiveTF with sig. 'mmm' on line 634.
.................................................
.................................................
. LaTeX info: "xparse/define-command"
. 
. Defining command \EncodingCommand with sig. 'mO{}m' on line 3632.
.................................................
.................................................
. LaTeX info: "xparse/define-command"
. 
. Defining command \EncodingAccent with sig. 'mm' on line 3638.
.................................................
.................................................
. LaTeX info: "xparse/define-command"
. 
. Defining command \EncodingSymbol with sig. 'mm' on line 3644.
.................................................
.................................................
. LaTeX info: "xparse/define-command"
. 
. Defining command \EncodingComposite with sig. 'mmm' on line 3650.
.................................................
.................................................
. LaTeX info: "xparse/define-command"
. 
. Defining command \EncodingCompositeCommand with sig. 'mmm' on line 3656.
.................................................
.................................................
. LaTeX info: "xparse/define-command"
. 
. Defining command \DeclareUnicodeEncoding with sig. 'mm' on line 3681.
.................................................
.................................................
. LaTeX info: "xparse/define-command"
. 
. Defining command \UndeclareSymbol with sig. 'm' on line 3687.
.................................................
.................................................
. LaTeX info: "xparse/define-command"
. 
. Defining command \UndeclareAccent with sig. 'm' on line 3693.
.................................................
.................................................
. LaTeX info: "xparse/define-command"
. 
. Defining command \UndeclareCommand with sig. 'm' on line 3699.
.................................................
.................................................
. LaTeX info: "xparse/define-command"
. 
. Defining command \UndeclareComposite with sig. 'mm' on line 3706.
.................................................

(/usr/share/texlive/texmf-dist/tex/latex/fontspec/fontspec.cfg)
LaTeX Info: Redefining \itshape on input line 3891.
LaTeX Info: Redefining \slshape on input line 3896.
LaTeX Info: Redefining \scshape on input line 3901.
LaTeX Info: Redefining \upshape on input line 3906.
LaTeX Info: Redefining \em on input line 3936.
LaTeX Info: Redefining \emph on input line 3961.
LaTeX Info: Redefining \- on input line 4015.
.................................................
. LaTeX info: "xparse/redefine-command"
. 
. Redefining command \oldstylenums with sig. 'm' on line 4110.
.................................................
.................................................
. LaTeX info: "xparse/define-command"
. 
. Defining command \liningnums with sig. 'm' on line 4114.
.................................................
))
(/usr/share/texlive/texmf-dist/tex/latex/realscripts/realscripts.sty
Package: realscripts 2016/02/13 v0.3d Access OpenType subscripts and superscrip
ts
.................................................
. LaTeX info: "xparse/define-command"
. 
. Defining command \fakesubscript with sig. 'm' on line 19.
.................................................
.................................................
. LaTeX info: "xparse/define-command"
. 
. Defining command \fakesuperscript with sig. 'm' on line 22.
.................................................
.................................................
. LaTeX info: "xparse/redefine-command"
. 
. Redefining command \textsubscript with sig. 's' on line 25.
.................................................
.................................................
. LaTeX info: "xparse/redefine-command"
. 
. Redefining command \textsuperscript with sig. 's' on line 28.
.................................................
.................................................
. LaTeX info: "xparse/define-command"
. 
. Defining command \realsubscript with sig. 'm' on line 45.
.................................................
.................................................
. LaTeX info: "xparse/define-command"
. 
. Defining command \realsuperscript with sig. 'm' on line 60.
.................................................
.................................................
. LaTeX info: "xparse/define-command"
. 
. Defining command \textsubsuperscript with sig. 'sO{l}mm' on line 138.
.................................................
.................................................
. LaTeX info: "xparse/define-command"
. 
. Defining command \textsupersubscript with sig. 'sO{l}mm' on line 143.
.................................................
\subsupersep=\dimen143
)
(/usr/share/texlive/texmf-dist/tex/latex/metalogo/metalogo.sty
Package: metalogo 2010/05/29 v0.12 Extended TeX logo macros
\xl@everylogo=\toks15
\xl@@everylogo=\toks16
LaTeX Info: Redefining \TeX on input line 193.
LaTeX Info: Redefining \LaTeX on input line 202.
LaTeX Info: Redefining \LaTeXe on input line 219.
)
\l__xetex_show_hyphens_wrapping_box=\box43
\l__xetex_show_hyphens_temp_box=\box44
\l__xetex_show_hyphens_final_box=\box45
\g__xetex_show_hyphens_word_box=\box46
)
(/usr/share/texlive/texmf-dist/tex/latex/fancyhdr/fancyhdr.sty
Package: fancyhdr 2017/06/30 v3.9a Extensive control of page headers and footer
s
\f@nch@headwidth=\skip50
\f@nch@O@elh=\skip51
\f@nch@O@erh=\skip52
\f@nch@O@olh=\skip53
\f@nch@O@orh=\skip54
\f@nch@O@elf=\skip55
\f@nch@O@erf=\skip56
\f@nch@O@olf=\skip57
\f@nch@O@orf=\skip58
)
(/usr/share/texlive/texmf-dist/tex/latex/booktabs/booktabs.sty
Package: booktabs 2016/04/27 v1.618033 publication quality tables
\heavyrulewidth=\dimen144
\lightrulewidth=\dimen145
\cmidrulewidth=\dimen146
\belowrulesep=\dimen147
\belowbottomsep=\dimen148
\aboverulesep=\dimen149
\abovetopsep=\dimen150
\cmidrulesep=\dimen151
\cmidrulekern=\dimen152
\defaultaddspace=\dimen153
\@cmidla=\count192
\@cmidlb=\count193
\@aboverulesep=\dimen154
\@belowrulesep=\dimen155
\@thisruleclass=\count194
\@lastruleclass=\count195
\@thisrulewidth=\dimen156
)
(/usr/share/texlive/texmf-dist/tex/latex/tools/indentfirst.sty
Package: indentfirst 1995/11/23 v1.03 Indent first paragraph (DPC)
)
(/usr/share/texlive/texmf-dist/tex/latex/framed/framed.sty
Package: framed 2011/10/22 v 0.96: framed or shaded text with page breaks
\OuterFrameSep=\skip59
\fb@frw=\dimen157
\fb@frh=\dimen158
\FrameRule=\dimen159
\FrameSep=\dimen160
)
(/usr/share/texlive/texmf-dist/tex/latex/graphics/color.sty
Package: color 2016/07/10 v1.1e Standard LaTeX Color (DPC)

(/usr/share/texlive/texmf-dist/tex/latex/graphics-cfg/color.cfg
File: color.cfg 2016/01/02 v1.6 sample color configuration
)
Package color Info: Driver file: xetex.def on input line 147.
)
(/usr/share/texlive/texmf-dist/tex/latex/footnpag/footnpag.sty
Package: footnpag 1995/11/10 v2.6 numbering footnotes per page
\old_foot_file=\read2
\foot_file=\write3
\foot_name_no=\count196
)
(/usr/share/texlive/texmf-dist/tex/latex/listings/listings.sty
\lst@mode=\count197
\lst@gtempboxa=\box47
\lst@token=\toks17
\lst@length=\count198
\lst@currlwidth=\dimen161
\lst@column=\count199
\lst@pos=\count266
\lst@lostspace=\dimen162
\lst@width=\dimen163
\lst@newlines=\count267
\lst@lineno=\count268
\lst@maxwidth=\dimen164

(/usr/share/texlive/texmf-dist/tex/latex/listings/lstmisc.sty
File: lstmisc.sty 2015/06/04 1.6 (Carsten Heinz)
\c@lstnumber=\count269
\lst@skipnumbers=\count270
\lst@framebox=\box48
)
(/usr/share/texlive/texmf-dist/tex/latex/listings/listings.cfg
File: listings.cfg 2015/06/04 1.6 listings configuration
))
Package: listings 2015/06/04 1.6 (Carsten Heinz)

(/usr/share/texlive/texmf-dist/tex/latex/tools/array.sty
Package: array 2016/10/06 v2.4d Tabular extension package (FMi)
\col@sep=\dimen165
\extrarowheight=\dimen166
\NC@list=\toks18
\extratabsurround=\skip60
\backup@length=\skip61
)
(/usr/share/texlive/texmf-dist/tex/latex/caption/caption.sty
Package: caption 2016/02/21 v3.3-144 Customizing captions (AR)

(/usr/share/texlive/texmf-dist/tex/latex/caption/caption3.sty
Package: caption3 2016/05/22 v1.7-166 caption3 kernel (AR)
Package caption3 Info: TeX engine: e-TeX on input line 67.
\captionmargin=\dimen167
\captionmargin@=\dimen168
\captionwidth=\dimen169
\caption@tempdima=\dimen170
\caption@indent=\dimen171
\caption@parindent=\dimen172
\caption@hangindent=\dimen173
)
\c@ContinuedFloat=\count271
Package caption Info: hyperref package is loaded.
Package caption Info: listings package is loaded.
)
(/usr/share/texlive/texmf-dist/tex/latex/titlesec/titlesec.sty
Package: titlesec 2016/03/21 v2.10.2 Sectioning titles
\ttl@box=\box49
\beforetitleunit=\skip62
\aftertitleunit=\skip63
\ttl@plus=\dimen174
\ttl@minus=\dimen175
\ttl@toksa=\toks19
\titlewidth=\dimen176
\titlewidthlast=\dimen177
\titlewidthfirst=\dimen178
)
(/usr/share/texlive/texmf-dist/tex/latex/appendix/appendix.sty
Package: appendix 2009/09/02 v1.2b extra appendix facilities
\c@@pps=\count272
\c@@ppsavesec=\count273
\c@@ppsaveapp=\count274
)
.................................................
. fontspec info: "no-scripts"
. 
. Font "AR PL SungtiL GB" does not contain any OpenType `Script' information.
.................................................
\g__fontspec_family_ARPLSungtiLGB_int=\count275
.................................................
. fontspec info: "no-font-shape"
. 
. Could not resolve font "WenQuanYi Micro Hei/I" (it probably doesn't exist).
.................................................
.................................................
. fontspec info: "no-font-shape"
. 
. Could not resolve font "AR PL SungtiL GB/BI" (it probably doesn't exist).
.................................................
.................................................
. fontspec info: "no-font-shape"
. 
. Could not resolve font "AR PL SungtiL GB/I" (it probably doesn't exist).
.................................................
.................................................
. fontspec info: "defining-font"
. 
. Font family 'ARPLSungtiLGB(0)' created for font 'AR PL SungtiL GB' with
. options [Ligatures=TeX,Mapping=tex-text,BoldFont=WenQuanYi Micro Hei].
.  
.  This font family consists of the following NFSS series/shapes:
.  
. - 'normal' (m/n) with NFSS spec.: <->"AR PL SungtiL GB/OT:mapping=tex-text;"
. - 'small caps'  (m/sc) with NFSS spec.: 
. - 'bold' (bx/n) with NFSS spec.: <->"WenQuanYi Micro
. Hei/OT:mapping=tex-text;"
. - 'bold small caps'  (bx/sc) with NFSS spec.: 
.................................................
LaTeX Info: Redefining \rmfamily on input line 50.
.................................................
. fontspec info: "no-scripts"
. 
. Font "WenQuanYi Zen Hei Mono" does not contain any OpenType `Script'
. information.
.................................................
\g__fontspec_family_WenQuanYiZenHeiMono_int=\count276
.................................................
. fontspec info: "no-font-shape"
. 
. Could not resolve font "WenQuanYi Zen Hei Mono/BI" (it probably doesn't
. exist).
.................................................
.................................................
. fontspec info: "no-font-shape"
. 
. Could not resolve font "WenQuanYi Zen Hei Mono/B" (it probably doesn't
. exist).
.................................................
.................................................
. fontspec info: "no-font-shape"
. 
. Could not resolve font "WenQuanYi Zen Hei Mono/I" (it probably doesn't
. exist).
.................................................
.................................................
. fontspec info: "defining-font"
. 
. Font family 'WenQuanYiZenHeiMono(0)' created for font 'WenQuanYi Zen Hei
. Mono' with options
. [WordSpace={1,0,0},HyphenChar=None,PunctuationSpace=WordSpace].
.  
.  This font family consists of the following NFSS series/shapes:
.  
. - 'normal' (m/n) with NFSS spec.: <->"WenQuanYi Zen Hei Mono/OT"
. - 'small caps'  (m/sc) with NFSS spec.: 
. and font adjustment code:
. \fontdimen 2\font =1\fontdimen 2\font \fontdimen 3\font =0\fontdimen 3\font
. \fontdimen 4\font =0\fontdimen 4\font \fontdimen 7\font =0\fontdimen 2\font
. \tex_hyphenchar:D \font =-1\scan_stop: 
.................................................
LaTeX Info: Redefining \ttfamily on input line 51.
\c@img=\count277

(/usr/share/texlive/texmf-dist/tex/latex/fancyvrb/fancyvrb.sty
Package: fancyvrb 2008/02/07

Style option: `fancyvrb' v2.7a, with DG/SPQR fixes, and firstline=lastline fix 
<2008/02/07> (tvz)
\FV@CodeLineNo=\count278
\FV@InFile=\read3
\FV@TabBox=\box50
\c@FancyVerbLine=\count279
\FV@StepNumber=\count280
\FV@OutFile=\write4
)
\c@tab=\count281
 (./sdcamp.aux

LaTeX Warning: Label `omnet' multiply defined.


LaTeX Warning: Label `omnet' multiply defined.


LaTeX Warning: Label `omnet' multiply defined.


LaTeX Warning: Label `omnet' multiply defined.


LaTeX Warning: Label `omnet' multiply defined.


LaTeX Warning: Label `' multiply defined.


LaTeX Warning: Label `inet' multiply defined.


LaTeX Warning: Label `inet' multiply defined.


LaTeX Warning: Label `inet' multiply defined.


LaTeX Warning: Label `tte4inet' multiply defined.


LaTeX Warning: Label `' multiply defined.


LaTeX Warning: Label `' multiply defined.


LaTeX Warning: Label `' multiply defined.


LaTeX Warning: Label `omnet' multiply defined.


LaTeX Warning: Label `omnet' multiply defined.


LaTeX Warning: Label `' multiply defined.


LaTeX Warning: Label `' multiply defined.


LaTeX Warning: Label `' multiply defined.


LaTeX Warning: Label `' multiply defined.


LaTeX Warning: Label `omnet' multiply defined.


LaTeX Warning: Label `' multiply defined.


LaTeX Warning: Label `endif' multiply defined.


LaTeX Warning: Label `endif' multiply defined.


LaTeX Warning: Label `endif' multiply defined.


LaTeX Warning: Label `' multiply defined.


LaTeX Warning: Label `' multiply defined.


LaTeX Warning: Label `omnet' multiply defined.


LaTeX Warning: Label `' multiply defined.


LaTeX Warning: Label `' multiply defined.


LaTeX Warning: Label `' multiply defined.


LaTeX Warning: Label `' multiply defined.


LaTeX Warning: Label `ctopology' multiply defined.


LaTeX Warning: Label `initialize' multiply defined.


LaTeX Warning: Label `' multiply defined.


LaTeX Warning: Label `inet' multiply defined.


LaTeX Warning: Label `' multiply defined.


LaTeX Warning: Label `' multiply defined.


LaTeX Warning: Label `' multiply defined.


LaTeX Warning: Label `' multiply defined.


LaTeX Warning: Label `' multiply defined.


LaTeX Warning: Label `' multiply defined.


LaTeX Warning: Label `' multiply defined.


LaTeX Warning: Label `' multiply defined.


LaTeX Warning: Label `' multiply defined.


LaTeX Warning: Label `' multiply defined.

)
\openout1 = `sdcamp.aux'.

LaTeX Font Info:    Checking defaults for OML/cmm/m/it on input line 213.
LaTeX Font Info:    ... okay on input line 213.
LaTeX Font Info:    Checking defaults for T1/cmr/m/n on input line 213.
LaTeX Font Info:    ... okay on input line 213.
LaTeX Font Info:    Checking defaults for OT1/cmr/m/n on input line 213.
LaTeX Font Info:    ... okay on input line 213.
LaTeX Font Info:    Checking defaults for OMS/cmsy/m/n on input line 213.
LaTeX Font Info:    ... okay on input line 213.
LaTeX Font Info:    Checking defaults for TU/lmr/m/n on input line 213.
LaTeX Font Info:    ... okay on input line 213.
LaTeX Font Info:    Checking defaults for OMX/cmex/m/n on input line 213.
LaTeX Font Info:    ... okay on input line 213.
LaTeX Font Info:    Checking defaults for U/cmr/m/n on input line 213.
LaTeX Font Info:    ... okay on input line 213.
LaTeX Font Info:    Checking defaults for PD1/pdf/m/n on input line 213.
LaTeX Font Info:    ... okay on input line 213.
LaTeX Font Info:    Checking defaults for PU/pdf/m/n on input line 213.
LaTeX Font Info:    ... okay on input line 213.
\AtBeginShipoutBox=\box51
Package hyperref Info: Link coloring ON on input line 213.
 (/usr/share/texlive/texmf-dist/tex/latex/hyperref/nameref.sty
Package: nameref 2016/05/21 v2.44 Cross-referencing by name of section

(/usr/share/texlive/texmf-dist/tex/generic/oberdiek/gettitlestring.sty
Package: gettitlestring 2016/05/16 v1.5 Cleanup title references (HO)
)
\c@section@level=\count282
)
LaTeX Info: Redefining \ref on input line 213.
LaTeX Info: Redefining \pageref on input line 213.
LaTeX Info: Redefining \nameref on input line 213.

(./sdcamp.out) (./sdcamp.out)
\@outlinefile=\write5
\openout5 = `sdcamp.out'.

.................................................
. fontspec info: "setup-math"
. 
. Adjusting the maths setup (use [no-math] to avoid this).
.................................................
\symlegacymaths=\mathgroup4
LaTeX Font Info:    Overwriting symbol font `legacymaths' in version `bold'
(Font)                  OT1/cmr/m/n --> OT1/cmr/bx/n on input line 213.
LaTeX Font Info:    Redeclaring math accent \acute on input line 213.
LaTeX Font Info:    Redeclaring math accent \grave on input line 213.
LaTeX Font Info:    Redeclaring math accent \ddot on input line 213.
LaTeX Font Info:    Redeclaring math accent \tilde on input line 213.
LaTeX Font Info:    Redeclaring math accent \bar on input line 213.
LaTeX Font Info:    Redeclaring math accent \breve on input line 213.
LaTeX Font Info:    Redeclaring math accent \check on input line 213.
LaTeX Font Info:    Redeclaring math accent \hat on input line 213.
LaTeX Font Info:    Redeclaring math accent \dot on input line 213.
LaTeX Font Info:    Redeclaring math accent \mathring on input line 213.
LaTeX Font Info:    Redeclaring math symbol \colon on input line 213.
LaTeX Font Info:    Redeclaring math symbol \Gamma on input line 213.
LaTeX Font Info:    Redeclaring math symbol \Delta on input line 213.
LaTeX Font Info:    Redeclaring math symbol \Theta on input line 213.
LaTeX Font Info:    Redeclaring math symbol \Lambda on input line 213.
LaTeX Font Info:    Redeclaring math symbol \Xi on input line 213.
LaTeX Font Info:    Redeclaring math symbol \Pi on input line 213.
LaTeX Font Info:    Redeclaring math symbol \Sigma on input line 213.
LaTeX Font Info:    Redeclaring math symbol \Upsilon on input line 213.
LaTeX Font Info:    Redeclaring math symbol \Phi on input line 213.
LaTeX Font Info:    Redeclaring math symbol \Psi on input line 213.
LaTeX Font Info:    Redeclaring math symbol \Omega on input line 213.
LaTeX Font Info:    Redeclaring math symbol \mathdollar on input line 213.
LaTeX Font Info:    Redeclaring symbol font `operators' on input line 213.
LaTeX Font Info:    Encoding `OT1' has changed to `TU' for symbol font
(Font)              `operators' in the math version `normal' on input line 213.

LaTeX Font Info:    Overwriting symbol font `operators' in version `normal'
(Font)                  OT1/cmr/m/n --> TU/ARPLSungtiLGB(0)/m/n on input line 2
13.
LaTeX Font Info:    Encoding `OT1' has changed to `TU' for symbol font
(Font)              `operators' in the math version `bold' on input line 213.
LaTeX Font Info:    Overwriting symbol font `operators' in version `bold'
(Font)                  OT1/cmr/bx/n --> TU/ARPLSungtiLGB(0)/m/n on input line 
213.
LaTeX Font Info:    Overwriting symbol font `operators' in version `normal'
(Font)                  TU/ARPLSungtiLGB(0)/m/n --> TU/ARPLSungtiLGB(0)/m/n on 
input line 213.
LaTeX Font Info:    Overwriting math alphabet `\mathit' in version `normal'
(Font)                  OT1/cmr/m/it --> TU/ARPLSungtiLGB(0)/m/it on input line
 213.
LaTeX Font Info:    Overwriting math alphabet `\mathbf' in version `normal'
(Font)                  OT1/cmr/bx/n --> TU/ARPLSungtiLGB(0)/bx/n on input line
 213.
LaTeX Font Info:    Overwriting math alphabet `\mathsf' in version `normal'
(Font)                  OT1/cmss/m/n --> TU/lmss/m/n on input line 213.
LaTeX Font Info:    Overwriting math alphabet `\mathtt' in version `normal'
(Font)                  OT1/cmtt/m/n --> TU/WenQuanYiZenHeiMono(0)/m/n on input
 line 213.
LaTeX Font Info:    Overwriting symbol font `operators' in version `bold'
(Font)                  TU/ARPLSungtiLGB(0)/m/n --> TU/ARPLSungtiLGB(0)/bx/n on
 input line 213.
LaTeX Font Info:    Overwriting math alphabet `\mathit' in version `bold'
(Font)                  OT1/cmr/bx/it --> TU/ARPLSungtiLGB(0)/bx/it on input li
ne 213.
LaTeX Font Info:    Overwriting math alphabet `\mathsf' in version `bold'
(Font)                  OT1/cmss/bx/n --> TU/lmss/bx/n on input line 213.
LaTeX Font Info:    Overwriting math alphabet `\mathtt' in version `bold'
(Font)                  OT1/cmtt/m/n --> TU/WenQuanYiZenHeiMono(0)/bx/n on inpu
t line 213.
\c@lstlisting=\count283
Package caption Info: Begin \AtBeginDocument code.
Package caption Info: End \AtBeginDocument code.
File: img/cover.pdf Graphic file (type pdf)
<use img/cover.pdf>

Overfull \hbox (98.04259pt too wide) in paragraph at lines 216--217
[][] 
 []

(/usr/share/texlive/texmf-dist/tex/generic/oberdiek/se-ascii-print.def
File: se-ascii-print.def 2016/05/16 v1.11 stringenc: Printable ASCII characters

)
[1

] [2

] (./preface.tex) (./sdcamp.toc
LaTeX Font Info:    External font `cmex10' loaded for size
(Font)              <7> on input line 3.
LaTeX Font Info:    External font `cmex10' loaded for size
(Font)              <5> on input line 3.
 [1

]
Overfull \hbox (2.26685pt too wide) in paragraph at lines 52--52
 [] [][][]\TU/ARPLSungtiLGB(0)/bx/n/10 define COMPILETIME_LOG_PREDICATE(object,
 logLevel, category) (logLevel $\OML/cmm/m/it/10 >$\TU/ARPLSungtiLGB(0)/bx/n/10
 = COM- 
 []


LaTeX Font Warning: Font shape `TU/ARPLSungtiLGB(0)/bx/it' undefined
(Font)              using `TU/ARPLSungtiLGB(0)/bx/n' instead on input line 55.


Overfull \hbox (50.48416pt too wide) in paragraph at lines 56--56
 [] [][][]\TU/ARPLSungtiLGB(0)/bx/n/10 define EV_LOG(logLevel, category) OPP_LO
GPROXY(getThisPtr(), logLevel, category).getStream()[][] []  
 []

[2]
Overfull \hbox (3.00003pt too wide) detected at line 91
\TU/ARPLSungtiLGB(0)/m/n/10 35.1.10 
 []


Overfull \hbox (3.00003pt too wide) detected at line 92
\TU/ARPLSungtiLGB(0)/m/n/10 35.1.11 
 []

[3])
\tf@toc=\write6
\openout6 = `sdcamp.toc'.

 [4] (./chapters.tex
Chapter 1.
Missing character: There is no • in font AR PL SungtiL GB/OT:mapping=tex-text;!
Missing character: There is no • in font AR PL SungtiL GB/OT:mapping=tex-text;!
Missing character: There is no • in font AR PL SungtiL GB/OT:mapping=tex-text;!

Overfull \hbox (6.93411pt too wide) in paragraph at lines 35--36
[]\TU/ARPLSungtiLGB(0)/m/n/10 网 络 层 协 议： IPv4、 IPv6、 ICMP、 ARP、 MPLS、 LDP、 RSVP
、 OSPF、 Mobile IPV6、 AODV、
 []

Missing character: There is no • in font AR PL SungtiL GB/OT:mapping=tex-text;!
Missing character: There is no • in font AR PL SungtiL GB/OT:mapping=tex-text;!
[1


]
Missing character: There is no • in font AR PL SungtiL GB/OT:mapping=tex-text;!

Overfull \hbox (2.23346pt too wide) in paragraph at lines 49--50
[]\TU/ARPLSungtiLGB(0)/m/n/10 1 ([][]section A. 8[][][]) 802.11a,g:Ieee80211aMa
c, Ieee80211gMac, Ieee80211aRadioModel,
 []

Missing character: There is no • in font AR PL SungtiL GB/OT:mapping=tex-text;!
Missing character: There is no • in font AR PL SungtiL GB/OT:mapping=tex-text;!
Missing character: There is no • in font AR PL SungtiL GB/OT:mapping=tex-text;!
Missing character: There is no • in font AR PL SungtiL GB/OT:mapping=tex-text;!
Missing character: There is no • in font AR PL SungtiL GB/OT:mapping=tex-text;!
Missing character: There is no • in font AR PL SungtiL GB/OT:mapping=tex-text;!
Missing character: There is no • in font AR PL SungtiL GB/OT:mapping=tex-text;!
Missing character: There is no • in font AR PL SungtiL GB/OT:mapping=tex-text;!
Missing character: There is no • in font AR PL SungtiL GB/OT:mapping=tex-text;!
Missing character: There is no • in font AR PL SungtiL GB/OT:mapping=tex-text;!
Missing character: There is no • in font AR PL SungtiL GB/OT:mapping=tex-text;!
Missing character: There is no • in font AR PL SungtiL GB/OT:mapping=tex-text;!
Missing character: There is no • in font AR PL SungtiL GB/OT:mapping=tex-text;!
Missing character: There is no • in font AR PL SungtiL GB/OT:mapping=tex-text;!
Missing character: There is no • in font AR PL SungtiL GB/OT:mapping=tex-text;!
Missing character: There is no • in font AR PL SungtiL GB/OT:mapping=tex-text;!
Missing character: There is no • in font AR PL SungtiL GB/OT:mapping=tex-text;!
[2]
Missing character: There is no • in font AR PL SungtiL GB/OT:mapping=tex-text;!
 [3] [4

]
Chapter 2.

Package hyperref Warning: Suppressing link with empty target on input line 135.


(./sdcamp.fot)
\openout3 = `sdcamp.fot'.

LaTeX Font Info:    External font `cmex10' loaded for size
(Font)              <8> on input line 135.
LaTeX Font Info:    External font `cmex10' loaded for size
(Font)              <6> on input line 135.


Package hyperref Warning: Suppressing empty link on input line 135.

Missing character: There is no • in font AR PL SungtiL GB/OT:mapping=tex-text;!
Missing character: There is no • in font AR PL SungtiL GB/OT:mapping=tex-text;!
Missing character: There is no • in font AR PL SungtiL GB/OT:mapping=tex-text;!
[5]
Missing character: There is no • in font AR PL SungtiL GB/OT:mapping=tex-text;!
Missing character: There is no • in font AR PL SungtiL GB/OT:mapping=tex-text;!
Missing character: There is no • in font AR PL SungtiL GB/OT:mapping=tex-text;!
Missing character: There is no • in font AR PL SungtiL GB/OT:mapping=tex-text;!


Package hyperref Warning: Suppressing link with empty target on input line 200.



Package hyperref Warning: Suppressing empty link on input line 200.

Missing character: There is no – in font AR PL SungtiL GB/OT:mapping=tex-text;!
Missing character: There is no • in font AR PL SungtiL GB/OT:mapping=tex-text;!
[6]
Missing character: There is no • in font AR PL SungtiL GB/OT:mapping=tex-text;!
Missing character: There is no • in font AR PL SungtiL GB/OT:mapping=tex-text;!
Missing character: There is no • in font AR PL SungtiL GB/OT:mapping=tex-text;!
Missing character: There is no • in font AR PL SungtiL GB/OT:mapping=tex-text;!
Missing character: There is no • in font AR PL SungtiL GB/OT:mapping=tex-text;!
 [7]
Missing character: There is no – in font AR PL SungtiL GB/OT:mapping=tex-text;!
Missing character: There is no – in font AR PL SungtiL GB/OT:mapping=tex-text;!
Missing character: There is no – in font AR PL SungtiL GB/OT:mapping=tex-text;!
Missing character: There is no – in font AR PL SungtiL GB/OT:mapping=tex-text;!

Overfull \hbox (13.28064pt too wide) in paragraph at lines 306--311
[]\TU/ARPLSungtiLGB(0)/m/n/10 导 入 了 工 程， 如 何 执 行 程 序 和 调 试 还 是 很 重 要 的， 尤 其 是 对
 于 OMNeT+ +工 程， 在\TU/ARPLSungtiLGB(0)/bx/n/10 omnetpp\TU/ARPLSungtiLGB(0)/m/n/1
0 工
 []

Missing character: There is no – in font AR PL SungtiL GB/OT:mapping=tex-text;!
Missing character: There is no – in font AR PL SungtiL GB/OT:mapping=tex-text;!
[8]
Missing character: There is no • in font AR PL SungtiL GB/OT:mapping=tex-text;!
Missing character: There is no • in font AR PL SungtiL GB/OT:mapping=tex-text;!
 [9] [10

]
Chapter 3.
Missing character: There is no • in font AR PL SungtiL GB/OT:mapping=tex-text;!
[11]
Missing character: There is no • in font AR PL SungtiL GB/OT:mapping=tex-text;!
Missing character: There is no • in font AR PL SungtiL GB/OT:mapping=tex-text;!
Missing character: There is no • in font AR PL SungtiL GB/OT:mapping=tex-text;!
Missing character: There is no • in font AR PL SungtiL GB/OT:mapping=tex-text;!
Missing character: There is no • in font AR PL SungtiL GB/OT:mapping=tex-text;!
Missing character: There is no • in font AR PL SungtiL GB/OT:mapping=tex-text;!


Package hyperref Warning: The anchor of a bookmark and its parent's must not
(hyperref)                be the same. Added a new anchor on input line 445.

[12] [13] [14

]
Chapter 4.
[15]
Overfull \hbox (27.22227pt too wide) in paragraph at lines 522--526
\TU/ARPLSungtiLGB(0)/m/n/10 Flag(FL_RECORD_EVENTS,e);} bool isRecordEvents() co
nst {return flags&FL_RECORD_EVENTS;} 
 []


Overfull \hbox (29.80011pt too wide) in paragraph at lines 551--551
[]\TU/WenQuanYiZenHeiMono(0)/m/n/10 // internal: return the canvas if exists, o
r nullptr if not (i.e. no create- on- demand)[] 
 []


Overfull \hbox (9.90005pt too wide) in paragraph at lines 551--551
[]\TU/WenQuanYiZenHeiMono(0)/m/n/10 // internal: return the 3D canvas if exists
, or nullptr if not (i.e. no create- on-
 []

[16]
Overfull \hbox (9.90005pt too wide) in paragraph at lines 838--838
[] \TU/WenQuanYiZenHeiMono(0)/m/n/10 * Returns the full path name of the module
. Example: <tt>"net.node[12].gen"</ tt>.[] 
 []


Overfull \hbox (15.0pt too wide) in paragraph at lines 838--838
[] \TU/WenQuanYiZenHeiMono(0)/m/n/10 * The original getFullPath() was redefined
 in order to hide the global cSimulation[] 
 []

[17]
Overfull \hbox (20.0pt too wide) in paragraph at lines 838--838
[]\TU/WenQuanYiZenHeiMono(0)/m/n/10 virtual cGate *addGate(const char *gatename
, cGate::Type type, bool isvector=false);[] 
 []


Overfull \hbox (15.0pt too wide) in paragraph at lines 838--838
[] \TU/WenQuanYiZenHeiMono(0)/m/n/10 * Convenience method: casts the return val
ue of getComponentType() to cModuleType.[] 
 []


Underfull \vbox (badness 10000) has occurred while \output is active []

 [18]
Underfull \vbox (badness 10000) has occurred while \output is active []

 [19]
Overfull \hbox (15.0pt too wide) in paragraph at lines 838--838
[]\TU/WenQuanYiZenHeiMono(0)/m/n/10 const cGate *gateHalf(const char *gatename,
 cGate::Type type, int index=-1) const {[] 
 []


Underfull \vbox (badness 10000) has occurred while \output is active []

 [20]
Underfull \vbox (badness 10000) has occurred while \output is active []

 [21]
Overfull \hbox (85.0pt too wide) in paragraph at lines 838--838
[]\TU/WenQuanYiZenHeiMono(0)/m/n/10 virtual void setBuiltinAnimationsAllowed(bo
ol enabled) {setFlag(FL_BUILTIN_ANIMATIONS, enabled);}[] 
 []


Overfull \hbox (40.0pt too wide) in paragraph at lines 838--838
[]\TU/WenQuanYiZenHeiMono(0)/m/n/10 virtual bool getBuiltinAnimationsAllowed() 
const {return flags & FL_BUILTIN_ANIMATIONS;}[] 
 []


Overfull \hbox (34.80011pt too wide) in paragraph at lines 838--838
[]\TU/WenQuanYiZenHeiMono(0)/m/n/10 / ** @name Public methods for invoking init
ialize()/ finish(), redefined from cComponent.[] 
 []


Underfull \vbox (badness 10000) has occurred while \output is active []

 [22]
Missing character: There is no • in font AR PL SungtiL GB/OT:mapping=tex-text;!

Overfull \hbox (24.80011pt too wide) in paragraph at lines 857--858
[]\TU/WenQuanYiZenHeiMono(0)/m/n/10 cpp usage： for (cModule::GateIterator it(mo
dule); ! it.end(); + +it) { cGate *gate
 []

Missing character: There is no • in font AR PL SungtiL GB/OT:mapping=tex-text;!

Overfull \hbox (24.80011pt too wide) in paragraph at lines 872--873
[]\TU/WenQuanYiZenHeiMono(0)/m/n/10 cpp usage: for (cModule::SubmoduleIterator 
it(module); ! it.end(); + +it) { cModule
 []

Missing character: There is no • in font AR PL SungtiL GB/OT:mapping=tex-text;!

Overfull \hbox (19.80011pt too wide) in paragraph at lines 887--888
[]\TU/WenQuanYiZenHeiMono(0)/m/n/10 cpp usage: for (cModule::ChannelIterator it
(module); ! it.end(); + +it) { cChannel
 []


LaTeX Font Warning: Font shape `TU/ARPLSungtiLGB(0)/m/it' undefined
(Font)              using `TU/ARPLSungtiLGB(0)/m/n' instead on input line 911.

Missing character: There is no – in font AR PL SungtiL GB/OT:mapping=tex-text;!
[23]
Overfull \hbox (235.0pt too wide) in paragraph at lines 1295--1295
[]\TU/WenQuanYiZenHeiMono(0)/m/n/10 virtual cObject *getOwner() const override;
 // note: cannot return cComponent* (covariant return type) due to declaration 
order[] 
 []

[24]
Overfull \hbox (15.0pt too wide) in paragraph at lines 1295--1295
[] \TU/WenQuanYiZenHeiMono(0)/m/n/10 * channel are guaranteed to be assigned, s
o this method will return true for them.[] 
 []


Underfull \vbox (badness 10000) has occurred while \output is active []

 [25]
Overfull \hbox (19.90005pt too wide) in paragraph at lines 1295--1295
[]\TU/WenQuanYiZenHeiMono(0)/m/n/10 / ** @name Setter functions. Note that over
loaded assignment operators also exist. */[] 
 []


Overfull \hbox (30.0pt too wide) in paragraph at lines 1295--1295
[]\TU/WenQuanYiZenHeiMono(0)/m/n/10 cPar& setStringValue(const std::string& s) 
 {setStringValue(s.c_str()); return *this;}[] 
 []


Underfull \vbox (badness 10000) has occurred while \output is active []

 [26]
Overfull \hbox (19.90005pt too wide) in paragraph at lines 1295--1295
[]\TU/WenQuanYiZenHeiMono(0)/m/n/10 / ** @name Getter functions. Note that over
loaded conversion operators also exist. */[] 
 []


Underfull \vbox (badness 10000) has occurred while \output is active []

 [27]
Underfull \vbox (badness 10000) has occurred while \output is active []

 [28]
Underfull \vbox (badness 10000) has occurred while \output is active []

 [29]
Underfull \vbox (badness 10000) has occurred while \output is active []

 [30]
[31]
Missing character: There is no – in font AR PL SungtiL GB/OT:mapping=tex-text;!

Overfull \hbox (40.0pt too wide) in paragraph at lines 1370--1370
[]    \TU/WenQuanYiZenHeiMono(0)/m/n/10 Desc() {owner=nullptr; vectorSize=-1; n
ame=nullptr; input.gate=output.gate=nullptr;}[] 
 []


Overfull \hbox (364.80011pt too wide) in paragraph at lines 1370--1370
[]    \TU/WenQuanYiZenHeiMono(0)/m/n/10 const char *nameFor(Type t) const {retu
rn (t==INOUT|| name->type! =INOUT) ? name->name.c_str() : t==INPUT ? name->name
i.c_str() : name->nameo.c_str();}[] 
 []


Overfull \hbox (5.0pt too wide) in paragraph at lines 1370--1370
[]    \TU/WenQuanYiZenHeiMono(0)/m/n/10 Type getTypeOf(const cGate *g) const {r
eturn (g->pos&1)==0 ? INPUT : OUTPUT;}[] 
 []


Overfull \hbox (159.80011pt too wide) in paragraph at lines 1370--1370
[]    \TU/WenQuanYiZenHeiMono(0)/m/n/10 void setInputGate(cGate *g) {ASSERT(get
Type()! =OUTPUT && ! isVector()); input.gate=g; g->desc=this; g->pos=(-
 []


Overfull \hbox (164.80011pt too wide) in paragraph at lines 1370--1370
[]    \TU/WenQuanYiZenHeiMono(0)/m/n/10 void setOutputGate(cGate *g) {ASSERT(ge
tType()! =INPUT && ! isVector()); output.gate=g; g->desc=this; g->pos=(-
 []


Overfull \hbox (299.90005pt too wide) in paragraph at lines 1370--1370
[]    \TU/WenQuanYiZenHeiMono(0)/m/n/10 void setInputGate(cGate *g, int index) 
{ASSERT(getType()! =OUTPUT && isVector()); input.gatev[index]=g; g->desc=this; 
g->pos=(index<<2);}[] 
 []


Overfull \hbox (299.90005pt too wide) in paragraph at lines 1370--1370
[]    \TU/WenQuanYiZenHeiMono(0)/m/n/10 void setOutputGate(cGate *g, int index)
 {ASSERT(getType()! =INPUT && isVector()); output.gatev[index]=g; g->desc=this;
 g->pos=(index<<2)|
 []


Overfull \hbox (270.0pt too wide) in paragraph at lines 1370--1370
[]    \TU/WenQuanYiZenHeiMono(0)/m/n/10 static int capacityFor(int size) {retur
n size<8 ? (size+1)&~1 : size<32 ? (size+3)&~3 : size<256 ? (size+15)&~15 : (si
ze+63)&~63;}[] 
 []

Missing character: There is no – in font AR PL SungtiL GB/OT:mapping=tex-text;!

Overfull \hbox (125.0pt too wide) in paragraph at lines 1385--1385
[]\TU/WenQuanYiZenHeiMono(0)/m/n/10 int connectionId;   // uniquely identifies 
the connection between *this and *nextgatep; -1 if unconnected[] 
 []

[32] [33]
Overfull \hbox (220.0pt too wide) in paragraph at lines 1740--1740
[]\TU/WenQuanYiZenHeiMono(0)/m/n/10 virtual cObject *getOwner() const override;
 // note: cannot return cModule* (covariant return type) due to declaration ord
er[] 
 []


Overfull \hbox (55.0pt too wide) in paragraph at lines 1740--1740
[]\TU/WenQuanYiZenHeiMono(0)/m/n/10 cChannel *connectTo(cGate *gate, cChannel *
channel=nullptr, bool leaveUninitialized=false);[] 
 []


Underfull \vbox (badness 10000) has occurred while \output is active []

 [34]
Underfull \vbox (badness 10000) has occurred while \output is active []

 [35]
Underfull \vbox (badness 10000) has occurred while \output is active []

 [36]
Underfull \vbox (badness 10000) has occurred while \output is active []

 [37]
Underfull \vbox (badness 10000) has occurred while \output is active []

 [38]
Overfull \hbox (49.90005pt too wide) in paragraph at lines 1740--1740
[] \TU/WenQuanYiZenHeiMono(0)/m/n/10 * This means that for an input gate, getPr
eviousGate() must be non- nullptr; for an output[] 
 []


Overfull \hbox (29.90005pt too wide) in paragraph at lines 1740--1740
[] \TU/WenQuanYiZenHeiMono(0)/m/n/10 * This means that for an input gate, getNe
xtGate() must be non- nullptr; for an output[] 
 []


Underfull \vbox (badness 10000) has occurred while \output is active []

 [39]
Overfull \hbox (28.33334pt too wide) in paragraph at lines 1762--1769
[]\TU/ARPLSungtiLGB(0)/m/it/10 “‘c //==========================================
================================
 []

Missing character: There is no – in font AR PL SungtiL GB/OT:mapping=tex-text;!
Missing character: There is no – in font AR PL SungtiL GB/OT:mapping=tex-text;!
Missing character: There is no – in font AR PL SungtiL GB/OT:mapping=tex-text;!
Missing character: There is no – in font AR PL SungtiL GB/OT:mapping=tex-text;!
[40]
Overfull \hbox (4.80011pt too wide) in paragraph at lines 1866--1866
[] \TU/WenQuanYiZenHeiMono(0)/m/n/10 * This log level should be used for high- 
level implementation- specific technical[] 
 []


Overfull \hbox (5.0pt too wide) in paragraph at lines 1866--1866
[] \TU/WenQuanYiZenHeiMono(0)/m/n/10 * component. These messages may help to de
bug various issues when one is looking[] 
 []


Overfull \hbox (25.0pt too wide) in paragraph at lines 1866--1866
[] \TU/WenQuanYiZenHeiMono(0)/m/n/10 * internal state variables, updates to com
plex data structures using this log level.[] 
 []


Overfull \hbox (5.0pt too wide) in paragraph at lines 1866--1866
[] \TU/WenQuanYiZenHeiMono(0)/m/n/10 * may be useful and understandable by the 
users of the component. These messages[] 
 []


Overfull \hbox (14.90005pt too wide) in paragraph at lines 1866--1866
[] \TU/WenQuanYiZenHeiMono(0)/m/n/10 * may help to track down various protocol-
 specific issues without actually looking[] 
 []


Overfull \hbox (9.90005pt too wide) in paragraph at lines 1866--1866
[] \TU/WenQuanYiZenHeiMono(0)/m/n/10 * state machine updates, acknowledge timeo
uts and selected back- off periods using[] 
 []


Overfull \hbox (5.0pt too wide) in paragraph at lines 1866--1866
[] \TU/WenQuanYiZenHeiMono(0)/m/n/10 * layer protocol component could log succe
ssful packet receptions and successful[] 
 []

[41]
Overfull \hbox (5.0pt too wide) in paragraph at lines 1866--1866
[] \TU/WenQuanYiZenHeiMono(0)/m/n/10 * a MAC layer protocol component could log
 detected bit errors using this level.[] 
 []

[42]
Chapter 5.
[43

] [44

]
Chapter 6.
[45] [46

]
Chapter 7.
[47] [48

]
Chapter 8.
[49] [50

]
Chapter 9.
[51] [52

]
Chapter 10.
[53] [54

]
Chapter 11.
[55] [56

]
Chapter 12.
[57] [58

]
Chapter 13.

Package hyperref Warning: Token not allowed in a PDF string (Unicode):
(hyperref)                removing `math shift' on input line 1916.


Package hyperref Warning: Token not allowed in a PDF string (Unicode):
(hyperref)                removing `math shift' on input line 1916.

LaTeX Font Info:    External font `cmex10' loaded for size
(Font)              <24.88> on input line 1916.
LaTeX Font Info:    External font `cmex10' loaded for size
(Font)              <20.74> on input line 1916.
LaTeX Font Info:    External font `cmex10' loaded for size
(Font)              <17.28> on input line 1916.
[59]
LaTeX Font Info:    External font `cmex10' loaded for size
(Font)              <9> on input line 1919.


Package Fancyhdr Warning: \headheight is too small (12.0pt): 
 Make it at least 21.718pt.
 We now make it that large for the rest of the document.
 This may cause the page layout to be inconsistent, however.

[60

]
Chapter 14.

Overfull \hbox (25.83176pt too wide) in paragraph at lines 1922--1933
\TU/ARPLSungtiLGB(0)/m/it/10 * @ingroup Logging /class SIM_API cLog { public: t
ypedef bool (NoncomponentLogPredicate)
 []


Overfull \hbox (69.55568pt too wide) in paragraph at lines 1922--1933
\TU/ARPLSungtiLGB(0)/m/it/10 (const void object, LogLevel logLevel, const char 
category); typedef bool (ComponentLogPredicate)
 []


Overfull \hbox (5.0pt too wide) in paragraph at lines 1956--1956
[] \TU/WenQuanYiZenHeiMono(0)/m/n/10 * that occur outside module or channel mem
ber functions. This is a customization[] 
 []


Overfull \hbox (95.0pt too wide) in paragraph at lines 1979--1979
[]\TU/WenQuanYiZenHeiMono(0)/m/n/10 static inline bool runtimeLogPredicate(cons
t void *object, LogLevel logLevel, const char *category)[] 
 []


Overfull \hbox (125.0pt too wide) in paragraph at lines 1979--1979
[]\TU/WenQuanYiZenHeiMono(0)/m/n/10 static inline bool runtimeLogPredicate(cons
t cComponent *object, LogLevel logLevel, const char *category)[] 
 []

[61]
Overfull \hbox (125.0pt too wide) in paragraph at lines 1979--1979
[]\TU/WenQuanYiZenHeiMono(0)/m/n/10 static bool defaultNoncomponentLogPredicate
(const void *object, LogLevel logLevel, const char *category);[] 
 []


Overfull \hbox (140.0pt too wide) in paragraph at lines 1979--1979
[]\TU/WenQuanYiZenHeiMono(0)/m/n/10 static bool defaultComponentLogPredicate(co
nst cComponent *object, LogLevel logLevel, const char *category);[] 
 []

[62]
Chapter 15.

Overfull \hbox (170.0pt too wide) in paragraph at lines 1998--1998
[]\TU/WenQuanYiZenHeiMono(0)/m/n/10 omnetpp::cLogProxy::dummyStream : omnetpp::
cLogProxy(object, logLevel, category, __FILE__, __LINE__, __FUNCTION__)[] 
 []

[63

] [64

]
Chapter 16.
[65] [66

]
Chapter 17.
[67] [68

]
Chapter 18.
[69] [70

]
Chapter 19.

Overfull \hbox (5.36914pt too wide) in paragraph at lines 2075--2075
\TU/ARPLSungtiLGB(0)/bx/it/24.88 EV_LOG(omnetpp::LOGLEVEL_FATAL, 
 []

[71] [72

]
Chapter 20.

Overfull \hbox (12.39093pt too wide) in paragraph at lines 2083--2083
\TU/ARPLSungtiLGB(0)/bx/it/24.88 EV_LOG(omnetpp::LOGLEVEL_ERROR, 
 []

[73] [74

]
Chapter 21.

Overfull \hbox (6.69333pt too wide) in paragraph at lines 2091--2091
\TU/ARPLSungtiLGB(0)/bx/it/24.88 EV_LOG(omnetpp::LOGLEVEL_WARN, 
 []

[75] [76

]
Chapter 22.
[77] [78

]
Chapter 23.

Overfull \hbox (15.86539pt too wide) in paragraph at lines 2107--2107
\TU/ARPLSungtiLGB(0)/bx/it/24.88 EV_LOG(omnetpp::LOGLEVEL_DETAIL, 
 []

[79] [80

]
Chapter 24.

Overfull \hbox (16.91016pt too wide) in paragraph at lines 2115--2115
\TU/ARPLSungtiLGB(0)/bx/it/24.88 EV_LOG(omnetpp::LOGLEVEL_DEBUG, 
 []

[81] [82

]
Chapter 25.

Overfull \hbox (7.11853pt too wide) in paragraph at lines 2123--2123
\TU/ARPLSungtiLGB(0)/bx/it/24.88 EV_LOG(omnetpp::LOGLEVEL_TRACE, 
 []

[83] [84

]
Chapter 26.
[85] [86

]
Chapter 27.

Overfull \hbox (5.36914pt too wide) in paragraph at lines 2139--2139
\TU/ARPLSungtiLGB(0)/bx/it/24.88 EV_LOG(omnetpp::LOGLEVEL_FATAL, 
 []

[87] [88

]
Chapter 28.

Overfull \hbox (12.39093pt too wide) in paragraph at lines 2147--2147
\TU/ARPLSungtiLGB(0)/bx/it/24.88 EV_LOG(omnetpp::LOGLEVEL_ERROR, 
 []

[89] [90

]
Chapter 29.

Overfull \hbox (6.69333pt too wide) in paragraph at lines 2155--2155
\TU/ARPLSungtiLGB(0)/bx/it/24.88 EV_LOG(omnetpp::LOGLEVEL_WARN, 
 []

[91] [92

]
Chapter 30.
[93] [94

]
Chapter 31.

Overfull \hbox (15.86539pt too wide) in paragraph at lines 2171--2171
\TU/ARPLSungtiLGB(0)/bx/it/24.88 EV_LOG(omnetpp::LOGLEVEL_DETAIL, 
 []

[95] [96

]
Chapter 32.

Overfull \hbox (16.91016pt too wide) in paragraph at lines 2179--2179
\TU/ARPLSungtiLGB(0)/bx/it/24.88 EV_LOG(omnetpp::LOGLEVEL_DEBUG, 
 []

[97] [98

]
Chapter 33.

Overfull \hbox (7.11853pt too wide) in paragraph at lines 2187--2187
\TU/ARPLSungtiLGB(0)/bx/it/24.88 EV_LOG(omnetpp::LOGLEVEL_TRACE, 
 []

[99]
Overfull \hbox (20.0pt too wide) in paragraph at lines 2247--2247
[]    \TU/WenQuanYiZenHeiMono(0)/m/n/10 nullstream() : std::ostream(nullptr) {}
  // results in rdbuf==0 and badbit==true[] 
 []

[100]
Chapter 34.
[101

] [102

]
Chapter 35.
Missing character: There is no   in font AR PL SungtiL GB/OT:mapping=tex-text;!
Missing character: There is no • in font AR PL SungtiL GB/OT:mapping=tex-text;!
Missing character: There is no • in font AR PL SungtiL GB/OT:mapping=tex-text;!
Missing character: There is no • in font AR PL SungtiL GB/OT:mapping=tex-text;!

Overfull \hbox (25.0pt too wide) in paragraph at lines 2344--2345
[] \TU/WenQuanYiZenHeiMono(0)/m/n/10 channel Channel extends DatarateChannel { 
delay = default(uniform(20ns, 100ns));
 []

[103]
Missing character: There is no • in font AR PL SungtiL GB/OT:mapping=tex-text;!

Overfull \hbox (130.45566pt too wide) in paragraph at lines 2371--2372
[]\TU/WenQuanYiZenHeiMono(0)/m/n/10 cpp void Node::handleMessage(cMessage* msg)
 { if(msg-$\OML/cmm/m/it/10 >$\TU/WenQuanYiZenHeiMono(0)/m/n/10 isSelfMessage()
) { if(msg-$\OML/cmm/m/it/10 >$\TU/WenQuanYiZenHeiMono(0)/m/n/10 getKind()==SMS
G_INIT)
 []


Overfull \hbox (27.7778pt too wide) in paragraph at lines 2371--2372
\TU/WenQuanYiZenHeiMono(0)/m/n/10 { ... ... cMessage* cloudMsg = new cMessage("
hello"); cloudMsg-$\OML/cmm/m/it/10 >$\TU/WenQuanYiZenHeiMono(0)/m/n/10 setKind
(SMSG_INIT);//
 []

Missing character: There is no • in font AR PL SungtiL GB/OT:mapping=tex-text;!

Overfull \hbox (11.20255pt too wide) in paragraph at lines 2390--2407
[]\TU/ARPLSungtiLGB(0)/m/it/10 上 述 采 用 scheduleAt 的 方 法 太 麻 烦， 需 要\TU/ARPLSungt
iLGB(0)/bx/n/10 new\TU/ARPLSungtiLGB(0)/m/it/10 一 个 消 息， 然 后 还 需 要 定 义 一 个 SMSG
_INIT，
 []

Missing character: There is no – in font AR PL SungtiL GB/OT:mapping=tex-text;!
Missing character: There is no • in font AR PL SungtiL GB/OT:mapping=tex-text;!
Missing character: There is no – in font AR PL SungtiL GB/OT:mapping=tex-text;!
[104]
Missing character: There is no – in font AR PL SungtiL GB/OT:mapping=tex-text;!
Missing character: There is no – in font AR PL SungtiL GB/OT:mapping=tex-text;!
Missing character: There is no – in font AR PL SungtiL GB/OT:mapping=tex-text;!
Missing character: There is no – in font AR PL SungtiL GB/OT:mapping=tex-text;!

Overfull \hbox (93.34521pt too wide) in paragraph at lines 2476--2494
[] \TU/WenQuanYiZenHeiMono(0)/m/n/10 &#160; &#160; &#160; &#160; 上 面 的 代 码 片 段 
主 要 通 过$\OML/cmm/m/it/10 <$\TU/WenQuanYiZenHeiMono(0)/m/n/10 b$\OML/cmm/m/it/10
 >$\TU/WenQuanYiZenHeiMono(0)/m/n/10 getParentModule$\OML/cmm/m/it/10 <$\TU/Wen
QuanYiZenHeiMono(0)/m/n/10 /b$\OML/cmm/m/it/10 >$\TU/WenQuanYiZenHeiMono(0)/m/n
/10 和$\OML/cmm/m/it/10 <$\TU/WenQuanYiZenHeiMono(0)/m/n/10 b$\OML/cmm/m/it/10 >
$\TU/WenQuanYiZenHeiMono(0)/m/n/10 getSubmodule$\OML/cmm/m/it/10 <$\TU/WenQuanY
iZenHeiMono(0)/m/n/10 /
 []

[105]
Overfull \hbox (10.0pt too wide) in paragraph at lines 2567--2567
[]        \TU/WenQuanYiZenHeiMono(0)/m/n/10 for(int i=1;i<=cSimulation::getActi
veSimulation()->getLastComponentId();i+
 []


Overfull \hbox (50.0pt too wide) in paragraph at lines 2567--2567
[]            \TU/WenQuanYiZenHeiMono(0)/m/n/10 int number_of_Bees = cSimulatio
n::getActiveSimulation()->getLastComponentId();[] 
 []


Overfull \hbox (85.0pt too wide) in paragraph at lines 2567--2567
[]                    \TU/WenQuanYiZenHeiMono(0)/m/n/10 string modname = cSimul
ation::getActiveSimulation()->getModule(i)->getName();[] 
 []


Overfull \hbox (105.0pt too wide) in paragraph at lines 2567--2567
[]                    \TU/WenQuanYiZenHeiMono(0)/m/n/10 Head=midmod->getSubmodu
le(this->clustername.c_str(),j)->getSubmodule("Wireless");[] 
 []

[106]
Missing character: There is no • in font AR PL SungtiL GB/OT:mapping=tex-text;!
Missing character: There is no • in font AR PL SungtiL GB/OT:mapping=tex-text;!
 [107]
Overfull \hbox (33.33345pt too wide) in paragraph at lines 2631--2634
[]\TU/ARPLSungtiLGB(0)/m/it/10 “‘c cModule parent = getParentModule(); const ch
ar name = parent-$\OML/cmm/m/it/10 >$\TU/ARPLSungtiLGB(0)/m/it/10 getNedTypeNam
e(); 
 []


Overfull \hbox (325.0pt too wide) in paragraph at lines 2693--2693
[]        \TU/WenQuanYiZenHeiMono(0)/m/n/10 topo->extractByNedTypeName(cStringT
okenizer("SimpleNetwork.Node.SimpleNode               SimpleNetwork.Switch.Simp
leSwitch").asVector());[] 
 []

[108]
Overfull \hbox (60.0pt too wide) in paragraph at lines 2693--2693
[]            \TU/WenQuanYiZenHeiMono(0)/m/n/10 EV << "  towards address " << a
ddress << " gateIndex is " << gateIndex  << endl;[] 
 []

Missing character: There is no • in font AR PL SungtiL GB/OT:mapping=tex-text;!
Missing character: There is no • in font AR PL SungtiL GB/OT:mapping=tex-text;!

Overfull \hbox (40.08505pt too wide) in paragraph at lines 2743--2744
[]\TU/ARPLSungtiLGB(0)/m/it/10 这 里 比 较 重 要 的 便 是“address”形 参， 在 以 太 网 中 相 当 于\T
U/ARPLSungtiLGB(0)/bx/n/10 IP\TU/ARPLSungtiLGB(0)/m/it/10 地 址， 最 终 得 到 的 rtable
[][]section A.
 []

[109]
Missing character: There is no – in font AR PL SungtiL GB/OT:mapping=tex-text;!
Missing character: There is no – in font AR PL SungtiL GB/OT:mapping=tex-text;!
Missing character: There is no – in font AR PL SungtiL GB/OT:mapping=tex-text;!

Overfull \hbox (106.44456pt too wide) in paragraph at lines 2784--2789
\TU/ARPLSungtiLGB(0)/m/it/10 this-$\OML/cmm/m/it/10 >$\TU/ARPLSungtiLGB(0)/m/it
/10 xpos = atof(parentdispStr.getTagArg(“p”, 0)); this-$\OML/cmm/m/it/10 >$\TU/
ARPLSungtiLGB(0)/m/it/10 ypos = atof(parentdispStr.getTagArg(“p”,
 []


Overfull \hbox (64.10054pt too wide) in paragraph at lines 2790--2792
[]\TU/ARPLSungtiLGB(0)/m/it/10 coord_X.setDoubleValue(this-$\OML/cmm/m/it/10 >$
\TU/ARPLSungtiLGB(0)/m/it/10 xpos); //将 仿 真 界 面 上 的 xpos 改 变 coord_Y.setDoubleV
alue(this-
 []

[110]
Overfull \hbox (30.0pt too wide) in paragraph at lines 2806--2818
\TU/WenQuanYiZenHeiMono(0)/m/n/10 Windows DLLs #if defined(_WIN32) # define OPP
_DLLEXPORT __declspec(dllexport) # define
 []


Overfull \hbox (35.0pt too wide) in paragraph at lines 2806--2818
\TU/WenQuanYiZenHeiMono(0)/m/n/10 OPP_DLLIMPORT __declspec(dllimport) #else # d
efine OPP_DLLIMPORT # define OPP_DLLEXPORT
 []

Missing character: There is no • in font AR PL SungtiL GB/OT:mapping=tex-text;!
) (./appendix.tex [111] [112

]
附录  A.
Missing character: There is no • in font AR PL SungtiL GB/OT:mapping=tex-text;!
Missing character: There is no • in font AR PL SungtiL GB/OT:mapping=tex-text;!
Missing character: There is no • in font AR PL SungtiL GB/OT:mapping=tex-text;!
Missing character: There is no • in font AR PL SungtiL GB/OT:mapping=tex-text;!
[113]
Missing character: There is no • in font AR PL SungtiL GB/OT:mapping=tex-text;!
Missing character: There is no • in font AR PL SungtiL GB/OT:mapping=tex-text;!
)
Package atveryend Info: Empty hook `BeforeClearDocument' on input line 247.
 [114]
Package atveryend Info: Empty hook `AfterLastShipout' on input line 247.
 (./sdcamp.aux)
Package atveryend Info: Empty hook `AtVeryEndDocument' on input line 247.
Package atveryend Info: Empty hook `AtEndAfterFileList' on input line 247.


LaTeX Font Warning: Some font shapes were not available, defaults substituted.


LaTeX Warning: There were multiply-defined labels.

Package atveryend Info: Empty hook `AtVeryVeryEnd' on input line 247.
 ) 
Here is how much of TeX's memory you used:
 21585 strings out of 494517
 407046 string characters out of 6166424
 510883 words of memory out of 5000000
 25299 multiletter control sequences out of 15000+600000
 536309 words of font info for 66 fonts, out of 8000000 for 9000
 286 hyphenation exceptions out of 8191
 46i,13n,65p,10439b,463s stack positions out of 5000i,500n,10000p,200000b,80000s

Output written on sdcamp.pdf (120 pages).
